CRITICAL - 2022-01-24 05:36:13 --> Call to undefined function CodeIgniter\locale_set_default()
#0 D:\php7.4\htdocs\endque_lion\vendor\codeigniter4\framework\system\bootstrap.php(146): CodeIgniter\CodeIgniter->initialize()
#1 D:\php7.4\htdocs\endque_lion\spark(45): require('D:\\php7.4\\htdoc...')
#2 {main}
CRITICAL - 2022-01-24 05:36:25 --> Call to undefined function CodeIgniter\locale_set_default()
#0 D:\php7.4\htdocs\endque_lion\vendor\codeigniter4\framework\system\bootstrap.php(146): CodeIgniter\CodeIgniter->initialize()
#1 D:\php7.4\htdocs\endque_lion\spark(45): require('D:\\php7.4\\htdoc...')
#2 {main}
CRITICAL - 2022-01-24 00:36:45 --> Call to a member function table() on null
#0 D:\php7.4\htdocs\endque_lion\vendor\codeigniter4\framework\system\CodeIgniter.php(825): App\Controllers\Login->proses()
#1 D:\php7.4\htdocs\endque_lion\vendor\codeigniter4\framework\system\CodeIgniter.php(412): CodeIgniter\CodeIgniter->runController(Object(App\Controllers\Login))
#2 D:\php7.4\htdocs\endque_lion\vendor\codeigniter4\framework\system\CodeIgniter.php(320): CodeIgniter\CodeIgniter->handleRequest(NULL, Object(Config\Cache), false)
#3 D:\php7.4\htdocs\endque_lion\index.php(37): CodeIgniter\CodeIgniter->run()
#4 {main}
CRITICAL - 2022-01-24 00:42:38 --> Undefined property: App\Controllers\Login::$db
#0 D:\php7.4\htdocs\endque_lion\app\Controllers\Login.php(28): CodeIgniter\Debug\Exceptions->errorHandler(8, 'Undefined prope...', 'D:\\php7.4\\htdoc...', 28, Array)
#1 D:\php7.4\htdocs\endque_lion\vendor\codeigniter4\framework\system\CodeIgniter.php(825): App\Controllers\Login->proses()
#2 D:\php7.4\htdocs\endque_lion\vendor\codeigniter4\framework\system\CodeIgniter.php(412): CodeIgniter\CodeIgniter->runController(Object(App\Controllers\Login))
#3 D:\php7.4\htdocs\endque_lion\vendor\codeigniter4\framework\system\CodeIgniter.php(320): CodeIgniter\CodeIgniter->handleRequest(NULL, Object(Config\Cache), false)
#4 D:\php7.4\htdocs\endque_lion\index.php(37): CodeIgniter\CodeIgniter->run()
#5 {main}
CRITICAL - 2022-01-24 00:43:48 --> Undefined property: App\Controllers\Login::$db
#0 D:\php7.4\htdocs\endque_lion\app\Controllers\Login.php(28): CodeIgniter\Debug\Exceptions->errorHandler(8, 'Undefined prope...', 'D:\\php7.4\\htdoc...', 28, Array)
#1 D:\php7.4\htdocs\endque_lion\vendor\codeigniter4\framework\system\CodeIgniter.php(825): App\Controllers\Login->proses()
#2 D:\php7.4\htdocs\endque_lion\vendor\codeigniter4\framework\system\CodeIgniter.php(412): CodeIgniter\CodeIgniter->runController(Object(App\Controllers\Login))
#3 D:\php7.4\htdocs\endque_lion\vendor\codeigniter4\framework\system\CodeIgniter.php(320): CodeIgniter\CodeIgniter->handleRequest(NULL, Object(Config\Cache), false)
#4 D:\php7.4\htdocs\endque_lion\index.php(37): CodeIgniter\CodeIgniter->run()
#5 {main}
CRITICAL - 2022-01-24 00:45:07 --> Cannot redeclare App\Controllers\BaseController::$request
#0 [internal function]: CodeIgniter\Debug\Exceptions->shutdownHandler()
#1 {main}
CRITICAL - 2022-01-24 00:45:22 --> Class 'App\Libraries\Templates' not found
#0 D:\php7.4\htdocs\endque_lion\modules\Dashboard\Controllers\Dashboard.php(13): App\Controllers\MikaController->__construct()
#1 D:\php7.4\htdocs\endque_lion\vendor\codeigniter4\framework\system\CodeIgniter.php(802): Modules\Dashboard\Controllers\Dashboard->__construct()
#2 D:\php7.4\htdocs\endque_lion\vendor\codeigniter4\framework\system\CodeIgniter.php(403): CodeIgniter\CodeIgniter->createController()
#3 D:\php7.4\htdocs\endque_lion\vendor\codeigniter4\framework\system\CodeIgniter.php(320): CodeIgniter\CodeIgniter->handleRequest(NULL, Object(Config\Cache), false)
#4 D:\php7.4\htdocs\endque_lion\index.php(37): CodeIgniter\CodeIgniter->run()
#5 {main}
CRITICAL - 2022-01-24 00:46:58 --> Class 'App\Libraries\Templates' not found
#0 D:\php7.4\htdocs\endque_lion\modules\Dashboard\Controllers\Dashboard.php(13): App\Controllers\MikaController->__construct()
#1 D:\php7.4\htdocs\endque_lion\vendor\codeigniter4\framework\system\CodeIgniter.php(802): Modules\Dashboard\Controllers\Dashboard->__construct()
#2 D:\php7.4\htdocs\endque_lion\vendor\codeigniter4\framework\system\CodeIgniter.php(403): CodeIgniter\CodeIgniter->createController()
#3 D:\php7.4\htdocs\endque_lion\vendor\codeigniter4\framework\system\CodeIgniter.php(320): CodeIgniter\CodeIgniter->handleRequest(NULL, Object(Config\Cache), false)
#4 D:\php7.4\htdocs\endque_lion\index.php(37): CodeIgniter\CodeIgniter->run()
#5 {main}
