CRITICAL - 2022-02-07 10:27:28 --> Undefined property: CodeIgniter\View\View::$icon
#0 C:\xamphp7.4\htdocs\endque_lion\modules\Fendor\Views\index.php(11): CodeIgniter\Debug\Exceptions->errorHandler(8, 'Undefined prope...', 'C:\\xamphp7.4\\ht...', 11, Array)
#1 C:\xamphp7.4\htdocs\endque_lion\vendor\codeigniter4\framework\system\View\View.php(210): include('C:\\xamphp7.4\\ht...')
#2 C:\xamphp7.4\htdocs\endque_lion\vendor\codeigniter4\framework\system\View\View.php(213): CodeIgniter\View\View->CodeIgniter\View\{closure}()
#3 C:\xamphp7.4\htdocs\endque_lion\vendor\codeigniter4\framework\system\Common.php(1089): CodeIgniter\View\View->render('Modules\\fendor\\...', Array, true)
#4 C:\xamphp7.4\htdocs\endque_lion\app\Libraries\Templates.php(68): view('Modules\\fendor\\...', Array)
#5 C:\xamphp7.4\htdocs\endque_lion\modules\Fendor\Controllers\Fendor.php(23): App\Libraries\Templates->display('fendor', 'index', Array)
#6 C:\xamphp7.4\htdocs\endque_lion\vendor\codeigniter4\framework\system\CodeIgniter.php(825): Modules\Fendor\Controllers\Fendor->index()
#7 C:\xamphp7.4\htdocs\endque_lion\vendor\codeigniter4\framework\system\CodeIgniter.php(412): CodeIgniter\CodeIgniter->runController(Object(Modules\Fendor\Controllers\Fendor))
#8 C:\xamphp7.4\htdocs\endque_lion\vendor\codeigniter4\framework\system\CodeIgniter.php(320): CodeIgniter\CodeIgniter->handleRequest(NULL, Object(Config\Cache), false)
#9 C:\xamphp7.4\htdocs\endque_lion\index.php(37): CodeIgniter\CodeIgniter->run()
#10 {main}
ERROR - 2022-02-07 10:27:48 --> Table 'endqueue_lion.fendor' doesn't exist
CRITICAL - 2022-02-07 10:27:48 --> Table 'endqueue_lion.fendor' doesn't exist
#0 C:\xamphp7.4\htdocs\endque_lion\vendor\codeigniter4\framework\system\Database\MySQLi\Connection.php(292): mysqli->query('SELECT `id_fend...', 0)
#1 C:\xamphp7.4\htdocs\endque_lion\vendor\codeigniter4\framework\system\Database\BaseConnection.php(670): CodeIgniter\Database\MySQLi\Connection->execute('SELECT `id_fend...')
#2 C:\xamphp7.4\htdocs\endque_lion\vendor\codeigniter4\framework\system\Database\BaseConnection.php(598): CodeIgniter\Database\BaseConnection->simpleQuery('SELECT `id_fend...')
#3 C:\xamphp7.4\htdocs\endque_lion\vendor\codeigniter4\framework\system\Database\BaseBuilder.php(1455): CodeIgniter\Database\BaseConnection->query('SELECT `id_fend...', Array, false)
#4 C:\xamphp7.4\htdocs\endque_lion\modules\Fendor\Models\M_fendor.php(59): CodeIgniter\Database\BaseBuilder->get()
#5 C:\xamphp7.4\htdocs\endque_lion\modules\Fendor\Controllers\Fendor.php(29): Modules\Fendor\Models\M_fendor->getDatatables()
#6 C:\xamphp7.4\htdocs\endque_lion\vendor\codeigniter4\framework\system\CodeIgniter.php(825): Modules\Fendor\Controllers\Fendor->get_data()
#7 C:\xamphp7.4\htdocs\endque_lion\vendor\codeigniter4\framework\system\CodeIgniter.php(412): CodeIgniter\CodeIgniter->runController(Object(Modules\Fendor\Controllers\Fendor))
#8 C:\xamphp7.4\htdocs\endque_lion\vendor\codeigniter4\framework\system\CodeIgniter.php(320): CodeIgniter\CodeIgniter->handleRequest(NULL, Object(Config\Cache), false)
#9 C:\xamphp7.4\htdocs\endque_lion\index.php(37): CodeIgniter\CodeIgniter->run()
#10 {main}
ERROR - 2022-02-07 10:27:54 --> Table 'endqueue_lion.fendor' doesn't exist
CRITICAL - 2022-02-07 10:27:54 --> Table 'endqueue_lion.fendor' doesn't exist
#0 C:\xamphp7.4\htdocs\endque_lion\vendor\codeigniter4\framework\system\Database\MySQLi\Connection.php(292): mysqli->query('SELECT `id_fend...', 0)
#1 C:\xamphp7.4\htdocs\endque_lion\vendor\codeigniter4\framework\system\Database\BaseConnection.php(670): CodeIgniter\Database\MySQLi\Connection->execute('SELECT `id_fend...')
#2 C:\xamphp7.4\htdocs\endque_lion\vendor\codeigniter4\framework\system\Database\BaseConnection.php(598): CodeIgniter\Database\BaseConnection->simpleQuery('SELECT `id_fend...')
#3 C:\xamphp7.4\htdocs\endque_lion\vendor\codeigniter4\framework\system\Database\BaseBuilder.php(1455): CodeIgniter\Database\BaseConnection->query('SELECT `id_fend...', Array, false)
#4 C:\xamphp7.4\htdocs\endque_lion\modules\Fendor\Models\M_fendor.php(59): CodeIgniter\Database\BaseBuilder->get()
#5 C:\xamphp7.4\htdocs\endque_lion\modules\Fendor\Controllers\Fendor.php(29): Modules\Fendor\Models\M_fendor->getDatatables()
#6 C:\xamphp7.4\htdocs\endque_lion\vendor\codeigniter4\framework\system\CodeIgniter.php(825): Modules\Fendor\Controllers\Fendor->get_data()
#7 C:\xamphp7.4\htdocs\endque_lion\vendor\codeigniter4\framework\system\CodeIgniter.php(412): CodeIgniter\CodeIgniter->runController(Object(Modules\Fendor\Controllers\Fendor))
#8 C:\xamphp7.4\htdocs\endque_lion\vendor\codeigniter4\framework\system\CodeIgniter.php(320): CodeIgniter\CodeIgniter->handleRequest(NULL, Object(Config\Cache), false)
#9 C:\xamphp7.4\htdocs\endque_lion\index.php(37): CodeIgniter\CodeIgniter->run()
#10 {main}
ERROR - 2022-02-07 10:27:59 --> Table 'endqueue_lion.fendor' doesn't exist
CRITICAL - 2022-02-07 10:27:59 --> Table 'endqueue_lion.fendor' doesn't exist
#0 C:\xamphp7.4\htdocs\endque_lion\vendor\codeigniter4\framework\system\Database\MySQLi\Connection.php(292): mysqli->query('SELECT `id_fend...', 0)
#1 C:\xamphp7.4\htdocs\endque_lion\vendor\codeigniter4\framework\system\Database\BaseConnection.php(670): CodeIgniter\Database\MySQLi\Connection->execute('SELECT `id_fend...')
#2 C:\xamphp7.4\htdocs\endque_lion\vendor\codeigniter4\framework\system\Database\BaseConnection.php(598): CodeIgniter\Database\BaseConnection->simpleQuery('SELECT `id_fend...')
#3 C:\xamphp7.4\htdocs\endque_lion\vendor\codeigniter4\framework\system\Database\BaseBuilder.php(1455): CodeIgniter\Database\BaseConnection->query('SELECT `id_fend...', Array, false)
#4 C:\xamphp7.4\htdocs\endque_lion\modules\Fendor\Models\M_fendor.php(59): CodeIgniter\Database\BaseBuilder->get()
#5 C:\xamphp7.4\htdocs\endque_lion\modules\Fendor\Controllers\Fendor.php(29): Modules\Fendor\Models\M_fendor->getDatatables()
#6 C:\xamphp7.4\htdocs\endque_lion\vendor\codeigniter4\framework\system\CodeIgniter.php(825): Modules\Fendor\Controllers\Fendor->get_data()
#7 C:\xamphp7.4\htdocs\endque_lion\vendor\codeigniter4\framework\system\CodeIgniter.php(412): CodeIgniter\CodeIgniter->runController(Object(Modules\Fendor\Controllers\Fendor))
#8 C:\xamphp7.4\htdocs\endque_lion\vendor\codeigniter4\framework\system\CodeIgniter.php(320): CodeIgniter\CodeIgniter->handleRequest(NULL, Object(Config\Cache), false)
#9 C:\xamphp7.4\htdocs\endque_lion\index.php(37): CodeIgniter\CodeIgniter->run()
#10 {main}
ERROR - 2022-02-07 10:28:31 --> Table 'endqueue_lion.fendor' doesn't exist
CRITICAL - 2022-02-07 10:28:31 --> Table 'endqueue_lion.fendor' doesn't exist
#0 C:\xamphp7.4\htdocs\endque_lion\vendor\codeigniter4\framework\system\Database\MySQLi\Connection.php(292): mysqli->query('SELECT *\nFROM `...', 0)
#1 C:\xamphp7.4\htdocs\endque_lion\vendor\codeigniter4\framework\system\Database\BaseConnection.php(670): CodeIgniter\Database\MySQLi\Connection->execute('SELECT *\nFROM `...')
#2 C:\xamphp7.4\htdocs\endque_lion\vendor\codeigniter4\framework\system\Database\BaseConnection.php(598): CodeIgniter\Database\BaseConnection->simpleQuery('SELECT *\nFROM `...')
#3 C:\xamphp7.4\htdocs\endque_lion\vendor\codeigniter4\framework\system\Database\BaseBuilder.php(1455): CodeIgniter\Database\BaseConnection->query('SELECT *\nFROM `...', Array, false)
#4 C:\xamphp7.4\htdocs\endque_lion\modules\Fendor\Controllers\Fendor.php(199): CodeIgniter\Database\BaseBuilder->get(1)
#5 C:\xamphp7.4\htdocs\endque_lion\vendor\codeigniter4\framework\system\CodeIgniter.php(825): Modules\Fendor\Controllers\Fendor->ubah_status()
#6 C:\xamphp7.4\htdocs\endque_lion\vendor\codeigniter4\framework\system\CodeIgniter.php(412): CodeIgniter\CodeIgniter->runController(Object(Modules\Fendor\Controllers\Fendor))
#7 C:\xamphp7.4\htdocs\endque_lion\vendor\codeigniter4\framework\system\CodeIgniter.php(320): CodeIgniter\CodeIgniter->handleRequest(NULL, Object(Config\Cache), false)
#8 C:\xamphp7.4\htdocs\endque_lion\index.php(37): CodeIgniter\CodeIgniter->run()
#9 {main}
CRITICAL - 2022-02-07 11:24:01 --> Call to undefined function Modules\Registrasi\Controllers\get_server_url_new_lisensi()
#0 C:\xamphp7.4\htdocs\endque_lion\vendor\codeigniter4\framework\system\CodeIgniter.php(802): Modules\Registrasi\Controllers\Registrasi->__construct()
#1 C:\xamphp7.4\htdocs\endque_lion\vendor\codeigniter4\framework\system\CodeIgniter.php(403): CodeIgniter\CodeIgniter->createController()
#2 C:\xamphp7.4\htdocs\endque_lion\vendor\codeigniter4\framework\system\CodeIgniter.php(320): CodeIgniter\CodeIgniter->handleRequest(NULL, Object(Config\Cache), false)
#3 C:\xamphp7.4\htdocs\endque_lion\index.php(37): CodeIgniter\CodeIgniter->run()
#4 {main}
CRITICAL - 2022-02-07 11:25:20 --> Call to undefined function Modules\Registrasi\Controllers\get_server_url_new_lisensi()
#0 C:\xamphp7.4\htdocs\endque_lion\vendor\codeigniter4\framework\system\CodeIgniter.php(802): Modules\Registrasi\Controllers\Registrasi->__construct()
#1 C:\xamphp7.4\htdocs\endque_lion\vendor\codeigniter4\framework\system\CodeIgniter.php(403): CodeIgniter\CodeIgniter->createController()
#2 C:\xamphp7.4\htdocs\endque_lion\vendor\codeigniter4\framework\system\CodeIgniter.php(320): CodeIgniter\CodeIgniter->handleRequest(NULL, Object(Config\Cache), false)
#3 C:\xamphp7.4\htdocs\endque_lion\index.php(37): CodeIgniter\CodeIgniter->run()
#4 {main}
CRITICAL - 2022-02-07 11:27:12 --> Invalid file: Modules\registrasi/index\Views\.php
#0 C:\xamphp7.4\htdocs\endque_lion\vendor\codeigniter4\framework\system\View\View.php(198): CodeIgniter\Exceptions\FrameworkException::forInvalidFile('Modules\\registr...')
#1 C:\xamphp7.4\htdocs\endque_lion\vendor\codeigniter4\framework\system\Common.php(1089): CodeIgniter\View\View->render('Modules\\registr...', Array, true)
#2 C:\xamphp7.4\htdocs\endque_lion\app\Libraries\Templates.php(128): view('Modules\\registr...', Array)
#3 C:\xamphp7.4\htdocs\endque_lion\modules\Registrasi\Controllers\Registrasi.php(18): App\Libraries\Templates->display('registrasi/inde...')
#4 C:\xamphp7.4\htdocs\endque_lion\vendor\codeigniter4\framework\system\CodeIgniter.php(825): Modules\Registrasi\Controllers\Registrasi->index()
#5 C:\xamphp7.4\htdocs\endque_lion\vendor\codeigniter4\framework\system\CodeIgniter.php(412): CodeIgniter\CodeIgniter->runController(Object(Modules\Registrasi\Controllers\Registrasi))
#6 C:\xamphp7.4\htdocs\endque_lion\vendor\codeigniter4\framework\system\CodeIgniter.php(320): CodeIgniter\CodeIgniter->handleRequest(NULL, Object(Config\Cache), false)
#7 C:\xamphp7.4\htdocs\endque_lion\index.php(37): CodeIgniter\CodeIgniter->run()
#8 {main}
CRITICAL - 2022-02-07 11:27:41 --> Undefined property: CodeIgniter\View\View::$setting
#0 C:\xamphp7.4\htdocs\endque_lion\modules\Registrasi\Views\index.php(42): CodeIgniter\Debug\Exceptions->errorHandler(8, 'Undefined prope...', 'C:\\xamphp7.4\\ht...', 42, Array)
#1 C:\xamphp7.4\htdocs\endque_lion\vendor\codeigniter4\framework\system\View\View.php(210): include('C:\\xamphp7.4\\ht...')
#2 C:\xamphp7.4\htdocs\endque_lion\vendor\codeigniter4\framework\system\View\View.php(213): CodeIgniter\View\View->CodeIgniter\View\{closure}()
#3 C:\xamphp7.4\htdocs\endque_lion\vendor\codeigniter4\framework\system\Common.php(1089): CodeIgniter\View\View->render('Modules\\registr...', Array, true)
#4 C:\xamphp7.4\htdocs\endque_lion\app\Libraries\Templates.php(128): view('Modules\\registr...', Array)
#5 C:\xamphp7.4\htdocs\endque_lion\modules\Registrasi\Controllers\Registrasi.php(18): App\Libraries\Templates->display('registrasi', '/index')
#6 C:\xamphp7.4\htdocs\endque_lion\vendor\codeigniter4\framework\system\CodeIgniter.php(825): Modules\Registrasi\Controllers\Registrasi->index()
#7 C:\xamphp7.4\htdocs\endque_lion\vendor\codeigniter4\framework\system\CodeIgniter.php(412): CodeIgniter\CodeIgniter->runController(Object(Modules\Registrasi\Controllers\Registrasi))
#8 C:\xamphp7.4\htdocs\endque_lion\vendor\codeigniter4\framework\system\CodeIgniter.php(320): CodeIgniter\CodeIgniter->handleRequest(NULL, Object(Config\Cache), false)
#9 C:\xamphp7.4\htdocs\endque_lion\index.php(37): CodeIgniter\CodeIgniter->run()
#10 {main}
CRITICAL - 2022-02-07 00:11:37 -->  route cannot be found while reverse-routing.
#0 C:\xamphp7.4\htdocs\endque_lion\vendor\codeigniter4\framework\system\HTTP\RedirectResponse.php(56): CodeIgniter\HTTP\Exceptions\HTTPException::forInvalidRedirectRoute('')
#1 C:\xamphp7.4\htdocs\endque_lion\vendor\codeigniter4\framework\system\Common.php(832): CodeIgniter\HTTP\RedirectResponse->route(false)
#2 C:\xamphp7.4\htdocs\endque_lion\app\Controllers\MikaController.php(56): redirect('www.google.com')
#3 C:\xamphp7.4\htdocs\endque_lion\modules\Gudang\Controllers\Gudang.php(12): App\Controllers\MikaController->__construct()
#4 C:\xamphp7.4\htdocs\endque_lion\vendor\codeigniter4\framework\system\CodeIgniter.php(802): Modules\Gudang\Controllers\Gudang->__construct()
#5 C:\xamphp7.4\htdocs\endque_lion\vendor\codeigniter4\framework\system\CodeIgniter.php(403): CodeIgniter\CodeIgniter->createController()
#6 C:\xamphp7.4\htdocs\endque_lion\vendor\codeigniter4\framework\system\CodeIgniter.php(320): CodeIgniter\CodeIgniter->handleRequest(NULL, Object(Config\Cache), false)
#7 C:\xamphp7.4\htdocs\endque_lion\index.php(37): CodeIgniter\CodeIgniter->run()
#8 {main}
CRITICAL - 2022-02-07 00:11:39 -->  route cannot be found while reverse-routing.
#0 C:\xamphp7.4\htdocs\endque_lion\vendor\codeigniter4\framework\system\HTTP\RedirectResponse.php(56): CodeIgniter\HTTP\Exceptions\HTTPException::forInvalidRedirectRoute('')
#1 C:\xamphp7.4\htdocs\endque_lion\vendor\codeigniter4\framework\system\Common.php(832): CodeIgniter\HTTP\RedirectResponse->route(false)
#2 C:\xamphp7.4\htdocs\endque_lion\app\Controllers\MikaController.php(56): redirect('www.google.com')
#3 C:\xamphp7.4\htdocs\endque_lion\modules\Gudang\Controllers\Gudang.php(12): App\Controllers\MikaController->__construct()
#4 C:\xamphp7.4\htdocs\endque_lion\vendor\codeigniter4\framework\system\CodeIgniter.php(802): Modules\Gudang\Controllers\Gudang->__construct()
#5 C:\xamphp7.4\htdocs\endque_lion\vendor\codeigniter4\framework\system\CodeIgniter.php(403): CodeIgniter\CodeIgniter->createController()
#6 C:\xamphp7.4\htdocs\endque_lion\vendor\codeigniter4\framework\system\CodeIgniter.php(320): CodeIgniter\CodeIgniter->handleRequest(NULL, Object(Config\Cache), false)
#7 C:\xamphp7.4\htdocs\endque_lion\index.php(37): CodeIgniter\CodeIgniter->run()
#8 {main}
CRITICAL - 2022-02-07 00:12:01 -->  route cannot be found while reverse-routing.
#0 C:\xamphp7.4\htdocs\endque_lion\vendor\codeigniter4\framework\system\HTTP\RedirectResponse.php(56): CodeIgniter\HTTP\Exceptions\HTTPException::forInvalidRedirectRoute('')
#1 C:\xamphp7.4\htdocs\endque_lion\vendor\codeigniter4\framework\system\Common.php(832): CodeIgniter\HTTP\RedirectResponse->route(false)
#2 C:\xamphp7.4\htdocs\endque_lion\app\Controllers\MikaController.php(56): redirect('http://localhos...')
#3 C:\xamphp7.4\htdocs\endque_lion\modules\Gudang\Controllers\Gudang.php(12): App\Controllers\MikaController->__construct()
#4 C:\xamphp7.4\htdocs\endque_lion\vendor\codeigniter4\framework\system\CodeIgniter.php(802): Modules\Gudang\Controllers\Gudang->__construct()
#5 C:\xamphp7.4\htdocs\endque_lion\vendor\codeigniter4\framework\system\CodeIgniter.php(403): CodeIgniter\CodeIgniter->createController()
#6 C:\xamphp7.4\htdocs\endque_lion\vendor\codeigniter4\framework\system\CodeIgniter.php(320): CodeIgniter\CodeIgniter->handleRequest(NULL, Object(Config\Cache), false)
#7 C:\xamphp7.4\htdocs\endque_lion\index.php(37): CodeIgniter\CodeIgniter->run()
#8 {main}
CRITICAL - 2022-02-07 00:12:02 -->  route cannot be found while reverse-routing.
#0 C:\xamphp7.4\htdocs\endque_lion\vendor\codeigniter4\framework\system\HTTP\RedirectResponse.php(56): CodeIgniter\HTTP\Exceptions\HTTPException::forInvalidRedirectRoute('')
#1 C:\xamphp7.4\htdocs\endque_lion\vendor\codeigniter4\framework\system\Common.php(832): CodeIgniter\HTTP\RedirectResponse->route(false)
#2 C:\xamphp7.4\htdocs\endque_lion\app\Controllers\MikaController.php(56): redirect('http://localhos...')
#3 C:\xamphp7.4\htdocs\endque_lion\modules\Gudang\Controllers\Gudang.php(12): App\Controllers\MikaController->__construct()
#4 C:\xamphp7.4\htdocs\endque_lion\vendor\codeigniter4\framework\system\CodeIgniter.php(802): Modules\Gudang\Controllers\Gudang->__construct()
#5 C:\xamphp7.4\htdocs\endque_lion\vendor\codeigniter4\framework\system\CodeIgniter.php(403): CodeIgniter\CodeIgniter->createController()
#6 C:\xamphp7.4\htdocs\endque_lion\vendor\codeigniter4\framework\system\CodeIgniter.php(320): CodeIgniter\CodeIgniter->handleRequest(NULL, Object(Config\Cache), false)
#7 C:\xamphp7.4\htdocs\endque_lion\index.php(37): CodeIgniter\CodeIgniter->run()
#8 {main}
CRITICAL - 2022-02-07 00:19:33 --> file_get_contents(): read of 8192 bytes failed with errno=13 Permission denied
#0 [internal function]: CodeIgniter\Debug\Exceptions->errorHandler(8, 'file_get_conten...', 'C:\\xamphp7.4\\ht...', 80, Array)
#1 C:\xamphp7.4\htdocs\endque_lion\vendor\codeigniter4\framework\system\Debug\Toolbar\Collectors\History.php(80): file_get_contents('C:\\xamphp7.4\\ht...')
#2 C:\xamphp7.4\htdocs\endque_lion\vendor\codeigniter4\framework\system\Debug\Toolbar.php(487): CodeIgniter\Debug\Toolbar\Collectors\History->setFiles(1644214772, 20)
#3 C:\xamphp7.4\htdocs\endque_lion\vendor\codeigniter4\framework\system\Debug\Toolbar.php(464): CodeIgniter\Debug\Toolbar->format(Array, 'html')
#4 C:\xamphp7.4\htdocs\endque_lion\app\Config\Events.php(48): CodeIgniter\Debug\Toolbar->respond()
#5 C:\xamphp7.4\htdocs\endque_lion\vendor\codeigniter4\framework\system\Events\Events.php(149): CodeIgniter\Events\Events::Config\{closure}()
#6 C:\xamphp7.4\htdocs\endque_lion\vendor\codeigniter4\framework\system\CodeIgniter.php(302): CodeIgniter\Events\Events::trigger('pre_system')
#7 C:\xamphp7.4\htdocs\endque_lion\index.php(37): CodeIgniter\CodeIgniter->run()
#8 {main}
CRITICAL - 2022-02-07 13:33:20 --> Trying to get property 'product_key' of non-object
#0 C:\xamphp7.4\htdocs\endque_lion\modules\Registrasi\Controllers\Registrasi.php(59): CodeIgniter\Debug\Exceptions->errorHandler(8, 'Trying to get p...', 'C:\\xamphp7.4\\ht...', 59, Array)
#1 C:\xamphp7.4\htdocs\endque_lion\vendor\codeigniter4\framework\system\CodeIgniter.php(825): Modules\Registrasi\Controllers\Registrasi->do_tambah_product_key()
#2 C:\xamphp7.4\htdocs\endque_lion\vendor\codeigniter4\framework\system\CodeIgniter.php(412): CodeIgniter\CodeIgniter->runController(Object(Modules\Registrasi\Controllers\Registrasi))
#3 C:\xamphp7.4\htdocs\endque_lion\vendor\codeigniter4\framework\system\CodeIgniter.php(320): CodeIgniter\CodeIgniter->handleRequest(NULL, Object(Config\Cache), false)
#4 C:\xamphp7.4\htdocs\endque_lion\index.php(37): CodeIgniter\CodeIgniter->run()
#5 {main}
ERROR - 2022-02-07 13:38:33 --> Unknown column 'nst' in 'field list'
CRITICAL - 2022-02-07 13:38:33 --> Unknown column 'nst' in 'field list'
#0 C:\xamphp7.4\htdocs\endque_lion\vendor\codeigniter4\framework\system\Database\MySQLi\Connection.php(292): mysqli->query('INSERT INTO `se...', 0)
#1 C:\xamphp7.4\htdocs\endque_lion\vendor\codeigniter4\framework\system\Database\BaseConnection.php(670): CodeIgniter\Database\MySQLi\Connection->execute('INSERT INTO `se...')
#2 C:\xamphp7.4\htdocs\endque_lion\vendor\codeigniter4\framework\system\Database\BaseConnection.php(598): CodeIgniter\Database\BaseConnection->simpleQuery('INSERT INTO `se...')
#3 C:\xamphp7.4\htdocs\endque_lion\vendor\codeigniter4\framework\system\Database\BaseBuilder.php(1771): CodeIgniter\Database\BaseConnection->query('INSERT INTO `se...', Array, false)
#4 C:\xamphp7.4\htdocs\endque_lion\modules\Registrasi\Controllers\Registrasi.php(62): CodeIgniter\Database\BaseBuilder->insert(Array)
#5 C:\xamphp7.4\htdocs\endque_lion\vendor\codeigniter4\framework\system\CodeIgniter.php(825): Modules\Registrasi\Controllers\Registrasi->do_tambah_product_key()
#6 C:\xamphp7.4\htdocs\endque_lion\vendor\codeigniter4\framework\system\CodeIgniter.php(412): CodeIgniter\CodeIgniter->runController(Object(Modules\Registrasi\Controllers\Registrasi))
#7 C:\xamphp7.4\htdocs\endque_lion\vendor\codeigniter4\framework\system\CodeIgniter.php(320): CodeIgniter\CodeIgniter->handleRequest(NULL, Object(Config\Cache), false)
#8 C:\xamphp7.4\htdocs\endque_lion\index.php(37): CodeIgniter\CodeIgniter->run()
#9 {main}
CRITICAL - 2022-02-07 13:41:37 --> Call to a member function insert() on null
#0 C:\xamphp7.4\htdocs\endque_lion\vendor\codeigniter4\framework\system\CodeIgniter.php(825): Modules\Registrasi\Controllers\Registrasi->do_tambah_product_key()
#1 C:\xamphp7.4\htdocs\endque_lion\vendor\codeigniter4\framework\system\CodeIgniter.php(412): CodeIgniter\CodeIgniter->runController(Object(Modules\Registrasi\Controllers\Registrasi))
#2 C:\xamphp7.4\htdocs\endque_lion\vendor\codeigniter4\framework\system\CodeIgniter.php(320): CodeIgniter\CodeIgniter->handleRequest(NULL, Object(Config\Cache), false)
#3 C:\xamphp7.4\htdocs\endque_lion\index.php(37): CodeIgniter\CodeIgniter->run()
#4 {main}
CRITICAL - 2022-02-07 13:42:02 --> Call to a member function insert() on null
#0 C:\xamphp7.4\htdocs\endque_lion\vendor\codeigniter4\framework\system\CodeIgniter.php(825): Modules\Registrasi\Controllers\Registrasi->do_tambah_product_key()
#1 C:\xamphp7.4\htdocs\endque_lion\vendor\codeigniter4\framework\system\CodeIgniter.php(412): CodeIgniter\CodeIgniter->runController(Object(Modules\Registrasi\Controllers\Registrasi))
#2 C:\xamphp7.4\htdocs\endque_lion\vendor\codeigniter4\framework\system\CodeIgniter.php(320): CodeIgniter\CodeIgniter->handleRequest(NULL, Object(Config\Cache), false)
#3 C:\xamphp7.4\htdocs\endque_lion\index.php(37): CodeIgniter\CodeIgniter->run()
#4 {main}
CRITICAL - 2022-02-07 13:43:55 --> Trying to get property 'mdsc' of non-object
#0 C:\xamphp7.4\htdocs\endque_lion\modules\Registrasi\Controllers\Registrasi.php(70): CodeIgniter\Debug\Exceptions->errorHandler(8, 'Trying to get p...', 'C:\\xamphp7.4\\ht...', 70, Array)
#1 C:\xamphp7.4\htdocs\endque_lion\vendor\codeigniter4\framework\system\CodeIgniter.php(825): Modules\Registrasi\Controllers\Registrasi->do_tambah_product_key()
#2 C:\xamphp7.4\htdocs\endque_lion\vendor\codeigniter4\framework\system\CodeIgniter.php(412): CodeIgniter\CodeIgniter->runController(Object(Modules\Registrasi\Controllers\Registrasi))
#3 C:\xamphp7.4\htdocs\endque_lion\vendor\codeigniter4\framework\system\CodeIgniter.php(320): CodeIgniter\CodeIgniter->handleRequest(NULL, Object(Config\Cache), false)
#4 C:\xamphp7.4\htdocs\endque_lion\index.php(37): CodeIgniter\CodeIgniter->run()
#5 {main}
CRITICAL - 2022-02-07 01:19:20 --> Undefined property: stdClass::$terdaftar
#0 C:\xamphp7.4\htdocs\endque_lion\app\Controllers\Login.php(100): CodeIgniter\Debug\Exceptions->errorHandler(8, 'Undefined prope...', 'C:\\xamphp7.4\\ht...', 100, Array)
#1 C:\xamphp7.4\htdocs\endque_lion\app\Controllers\Login.php(64): App\Controllers\Login->generate_menu(Object(stdClass))
#2 C:\xamphp7.4\htdocs\endque_lion\vendor\codeigniter4\framework\system\CodeIgniter.php(825): App\Controllers\Login->proses()
#3 C:\xamphp7.4\htdocs\endque_lion\vendor\codeigniter4\framework\system\CodeIgniter.php(412): CodeIgniter\CodeIgniter->runController(Object(App\Controllers\Login))
#4 C:\xamphp7.4\htdocs\endque_lion\vendor\codeigniter4\framework\system\CodeIgniter.php(320): CodeIgniter\CodeIgniter->handleRequest(NULL, Object(Config\Cache), false)
#5 C:\xamphp7.4\htdocs\endque_lion\index.php(37): CodeIgniter\CodeIgniter->run()
#6 {main}
CRITICAL - 2022-02-07 01:20:32 --> Undefined property: stdClass::$terdaftar
#0 C:\xamphp7.4\htdocs\endque_lion\app\Controllers\Login.php(100): CodeIgniter\Debug\Exceptions->errorHandler(8, 'Undefined prope...', 'C:\\xamphp7.4\\ht...', 100, Array)
#1 C:\xamphp7.4\htdocs\endque_lion\app\Controllers\Login.php(64): App\Controllers\Login->generate_menu(Object(stdClass))
#2 C:\xamphp7.4\htdocs\endque_lion\vendor\codeigniter4\framework\system\CodeIgniter.php(825): App\Controllers\Login->proses()
#3 C:\xamphp7.4\htdocs\endque_lion\vendor\codeigniter4\framework\system\CodeIgniter.php(412): CodeIgniter\CodeIgniter->runController(Object(App\Controllers\Login))
#4 C:\xamphp7.4\htdocs\endque_lion\vendor\codeigniter4\framework\system\CodeIgniter.php(320): CodeIgniter\CodeIgniter->handleRequest(NULL, Object(Config\Cache), false)
#5 C:\xamphp7.4\htdocs\endque_lion\index.php(37): CodeIgniter\CodeIgniter->run()
#6 {main}
CRITICAL - 2022-02-07 01:21:31 --> Undefined property: stdClass::$terdaftar
#0 C:\xamphp7.4\htdocs\endque_lion\app\Controllers\Login.php(102): CodeIgniter\Debug\Exceptions->errorHandler(8, 'Undefined prope...', 'C:\\xamphp7.4\\ht...', 102, Array)
#1 C:\xamphp7.4\htdocs\endque_lion\app\Controllers\Login.php(66): App\Controllers\Login->generate_menu(Object(stdClass))
#2 C:\xamphp7.4\htdocs\endque_lion\vendor\codeigniter4\framework\system\CodeIgniter.php(825): App\Controllers\Login->proses()
#3 C:\xamphp7.4\htdocs\endque_lion\vendor\codeigniter4\framework\system\CodeIgniter.php(412): CodeIgniter\CodeIgniter->runController(Object(App\Controllers\Login))
#4 C:\xamphp7.4\htdocs\endque_lion\vendor\codeigniter4\framework\system\CodeIgniter.php(320): CodeIgniter\CodeIgniter->handleRequest(NULL, Object(Config\Cache), false)
#5 C:\xamphp7.4\htdocs\endque_lion\index.php(37): CodeIgniter\CodeIgniter->run()
#6 {main}
CRITICAL - 2022-02-07 01:21:34 --> Undefined property: stdClass::$terdaftar
#0 C:\xamphp7.4\htdocs\endque_lion\app\Controllers\Login.php(102): CodeIgniter\Debug\Exceptions->errorHandler(8, 'Undefined prope...', 'C:\\xamphp7.4\\ht...', 102, Array)
#1 C:\xamphp7.4\htdocs\endque_lion\app\Controllers\Login.php(66): App\Controllers\Login->generate_menu(Object(stdClass))
#2 C:\xamphp7.4\htdocs\endque_lion\vendor\codeigniter4\framework\system\CodeIgniter.php(825): App\Controllers\Login->proses()
#3 C:\xamphp7.4\htdocs\endque_lion\vendor\codeigniter4\framework\system\CodeIgniter.php(412): CodeIgniter\CodeIgniter->runController(Object(App\Controllers\Login))
#4 C:\xamphp7.4\htdocs\endque_lion\vendor\codeigniter4\framework\system\CodeIgniter.php(320): CodeIgniter\CodeIgniter->handleRequest(NULL, Object(Config\Cache), false)
#5 C:\xamphp7.4\htdocs\endque_lion\index.php(37): CodeIgniter\CodeIgniter->run()
#6 {main}
CRITICAL - 2022-02-07 01:25:07 --> Call to undefined function App\Controllers\decode()
#0 C:\xamphp7.4\htdocs\endque_lion\modules\Gudang\Controllers\Gudang.php(12): App\Controllers\MikaController->__construct()
#1 C:\xamphp7.4\htdocs\endque_lion\vendor\codeigniter4\framework\system\CodeIgniter.php(802): Modules\Gudang\Controllers\Gudang->__construct()
#2 C:\xamphp7.4\htdocs\endque_lion\vendor\codeigniter4\framework\system\CodeIgniter.php(403): CodeIgniter\CodeIgniter->createController()
#3 C:\xamphp7.4\htdocs\endque_lion\vendor\codeigniter4\framework\system\CodeIgniter.php(320): CodeIgniter\CodeIgniter->handleRequest(NULL, Object(Config\Cache), false)
#4 C:\xamphp7.4\htdocs\endque_lion\index.php(37): CodeIgniter\CodeIgniter->run()
#5 {main}
CRITICAL - 2022-02-07 01:25:09 --> Call to undefined function App\Controllers\decode()
#0 C:\xamphp7.4\htdocs\endque_lion\modules\Gudang\Controllers\Gudang.php(12): App\Controllers\MikaController->__construct()
#1 C:\xamphp7.4\htdocs\endque_lion\vendor\codeigniter4\framework\system\CodeIgniter.php(802): Modules\Gudang\Controllers\Gudang->__construct()
#2 C:\xamphp7.4\htdocs\endque_lion\vendor\codeigniter4\framework\system\CodeIgniter.php(403): CodeIgniter\CodeIgniter->createController()
#3 C:\xamphp7.4\htdocs\endque_lion\vendor\codeigniter4\framework\system\CodeIgniter.php(320): CodeIgniter\CodeIgniter->handleRequest(NULL, Object(Config\Cache), false)
#4 C:\xamphp7.4\htdocs\endque_lion\index.php(37): CodeIgniter\CodeIgniter->run()
#5 {main}
CRITICAL - 2022-02-07 01:26:57 --> Call to undefined function App\Controllers\decode()
#0 C:\xamphp7.4\htdocs\endque_lion\modules\Gudang\Controllers\Gudang.php(12): App\Controllers\MikaController->__construct()
#1 C:\xamphp7.4\htdocs\endque_lion\vendor\codeigniter4\framework\system\CodeIgniter.php(802): Modules\Gudang\Controllers\Gudang->__construct()
#2 C:\xamphp7.4\htdocs\endque_lion\vendor\codeigniter4\framework\system\CodeIgniter.php(403): CodeIgniter\CodeIgniter->createController()
#3 C:\xamphp7.4\htdocs\endque_lion\vendor\codeigniter4\framework\system\CodeIgniter.php(320): CodeIgniter\CodeIgniter->handleRequest(NULL, Object(Config\Cache), false)
#4 C:\xamphp7.4\htdocs\endque_lion\index.php(37): CodeIgniter\CodeIgniter->run()
#5 {main}
CRITICAL - 2022-02-07 01:27:19 --> Call to undefined function App\Controllers\decode()
#0 C:\xamphp7.4\htdocs\endque_lion\modules\Gudang\Controllers\Gudang.php(12): App\Controllers\MikaController->__construct()
#1 C:\xamphp7.4\htdocs\endque_lion\vendor\codeigniter4\framework\system\CodeIgniter.php(802): Modules\Gudang\Controllers\Gudang->__construct()
#2 C:\xamphp7.4\htdocs\endque_lion\vendor\codeigniter4\framework\system\CodeIgniter.php(403): CodeIgniter\CodeIgniter->createController()
#3 C:\xamphp7.4\htdocs\endque_lion\vendor\codeigniter4\framework\system\CodeIgniter.php(320): CodeIgniter\CodeIgniter->handleRequest(NULL, Object(Config\Cache), false)
#4 C:\xamphp7.4\htdocs\endque_lion\index.php(37): CodeIgniter\CodeIgniter->run()
#5 {main}
CRITICAL - 2022-02-07 14:36:33 --> Undefined property: Modules\Registrasi\Controllers\Registrasi::$t_empt
#0 C:\xamphp7.4\htdocs\endque_lion\modules\Registrasi\Controllers\Registrasi.php(121): CodeIgniter\Debug\Exceptions->errorHandler(8, 'Undefined prope...', 'C:\\xamphp7.4\\ht...', 121, Array)
#1 C:\xamphp7.4\htdocs\endque_lion\vendor\codeigniter4\framework\system\CodeIgniter.php(825): Modules\Registrasi\Controllers\Registrasi->do_tambah_serial()
#2 C:\xamphp7.4\htdocs\endque_lion\vendor\codeigniter4\framework\system\CodeIgniter.php(412): CodeIgniter\CodeIgniter->runController(Object(Modules\Registrasi\Controllers\Registrasi))
#3 C:\xamphp7.4\htdocs\endque_lion\vendor\codeigniter4\framework\system\CodeIgniter.php(320): CodeIgniter\CodeIgniter->handleRequest(NULL, Object(Config\Cache), false)
#4 C:\xamphp7.4\htdocs\endque_lion\index.php(37): CodeIgniter\CodeIgniter->run()
#5 {main}
CRITICAL - 2022-02-07 01:51:03 --> Call to undefined method CodeIgniter\Session\Session::unset_userdata()
#0 C:\xamphp7.4\htdocs\endque_lion\vendor\codeigniter4\framework\system\CodeIgniter.php(825): App\Controllers\Login->logout_Pkey('gagal')
#1 C:\xamphp7.4\htdocs\endque_lion\vendor\codeigniter4\framework\system\CodeIgniter.php(412): CodeIgniter\CodeIgniter->runController(Object(App\Controllers\Login))
#2 C:\xamphp7.4\htdocs\endque_lion\vendor\codeigniter4\framework\system\CodeIgniter.php(320): CodeIgniter\CodeIgniter->handleRequest(NULL, Object(Config\Cache), false)
#3 C:\xamphp7.4\htdocs\endque_lion\index.php(37): CodeIgniter\CodeIgniter->run()
#4 {main}
CRITICAL - 2022-02-07 02:22:44 --> Cannot declare class Modules\Gudang\Models\M_gudang, because the name is already in use
#0 [internal function]: CodeIgniter\Debug\Exceptions->shutdownHandler()
#1 {main}
CRITICAL - 2022-02-07 02:23:45 --> Cannot declare class Modules\Gudang\Models\M_gudang, because the name is already in use
#0 [internal function]: CodeIgniter\Debug\Exceptions->shutdownHandler()
#1 {main}
CRITICAL - 2022-02-07 15:27:17 --> Undefined variable: waktu
#0 C:\xamphp7.4\htdocs\endque_lion\modules\Lisensi\Controllers\Lisensi.php(50): CodeIgniter\Debug\Exceptions->errorHandler(8, 'Undefined varia...', 'C:\\xamphp7.4\\ht...', 50, Array)
#1 C:\xamphp7.4\htdocs\endque_lion\vendor\codeigniter4\framework\system\CodeIgniter.php(825): Modules\Lisensi\Controllers\Lisensi->get_data()
#2 C:\xamphp7.4\htdocs\endque_lion\vendor\codeigniter4\framework\system\CodeIgniter.php(412): CodeIgniter\CodeIgniter->runController(Object(Modules\Lisensi\Controllers\Lisensi))
#3 C:\xamphp7.4\htdocs\endque_lion\vendor\codeigniter4\framework\system\CodeIgniter.php(320): CodeIgniter\CodeIgniter->handleRequest(NULL, Object(Config\Cache), false)
#4 C:\xamphp7.4\htdocs\endque_lion\index.php(37): CodeIgniter\CodeIgniter->run()
#5 {main}
CRITICAL - 2022-02-07 15:27:21 --> Undefined variable: waktu
#0 C:\xamphp7.4\htdocs\endque_lion\modules\Lisensi\Controllers\Lisensi.php(50): CodeIgniter\Debug\Exceptions->errorHandler(8, 'Undefined varia...', 'C:\\xamphp7.4\\ht...', 50, Array)
#1 C:\xamphp7.4\htdocs\endque_lion\vendor\codeigniter4\framework\system\CodeIgniter.php(825): Modules\Lisensi\Controllers\Lisensi->get_data()
#2 C:\xamphp7.4\htdocs\endque_lion\vendor\codeigniter4\framework\system\CodeIgniter.php(412): CodeIgniter\CodeIgniter->runController(Object(Modules\Lisensi\Controllers\Lisensi))
#3 C:\xamphp7.4\htdocs\endque_lion\vendor\codeigniter4\framework\system\CodeIgniter.php(320): CodeIgniter\CodeIgniter->handleRequest(NULL, Object(Config\Cache), false)
#4 C:\xamphp7.4\htdocs\endque_lion\index.php(37): CodeIgniter\CodeIgniter->run()
#5 {main}
CRITICAL - 2022-02-07 15:28:52 --> Undefined property: stdClass::$nama_lisensi
#0 C:\xamphp7.4\htdocs\endque_lion\modules\Lisensi\Controllers\Lisensi.php(79): CodeIgniter\Debug\Exceptions->errorHandler(8, 'Undefined prope...', 'C:\\xamphp7.4\\ht...', 79, Array)
#1 C:\xamphp7.4\htdocs\endque_lion\vendor\codeigniter4\framework\system\CodeIgniter.php(825): Modules\Lisensi\Controllers\Lisensi->hapus()
#2 C:\xamphp7.4\htdocs\endque_lion\vendor\codeigniter4\framework\system\CodeIgniter.php(412): CodeIgniter\CodeIgniter->runController(Object(Modules\Lisensi\Controllers\Lisensi))
#3 C:\xamphp7.4\htdocs\endque_lion\vendor\codeigniter4\framework\system\CodeIgniter.php(320): CodeIgniter\CodeIgniter->handleRequest(NULL, Object(Config\Cache), false)
#4 C:\xamphp7.4\htdocs\endque_lion\index.php(37): CodeIgniter\CodeIgniter->run()
#5 {main}
CRITICAL - 2022-02-07 02:43:05 --> Class 'App\Controllers\M_loket' not found
#0 C:\xamphp7.4\htdocs\endque_lion\modules\Dashboard\Controllers\Dashboard.php(13): App\Controllers\MikaController->__construct()
#1 C:\xamphp7.4\htdocs\endque_lion\vendor\codeigniter4\framework\system\CodeIgniter.php(802): Modules\Dashboard\Controllers\Dashboard->__construct()
#2 C:\xamphp7.4\htdocs\endque_lion\vendor\codeigniter4\framework\system\CodeIgniter.php(403): CodeIgniter\CodeIgniter->createController()
#3 C:\xamphp7.4\htdocs\endque_lion\vendor\codeigniter4\framework\system\CodeIgniter.php(320): CodeIgniter\CodeIgniter->handleRequest(NULL, Object(Config\Cache), false)
#4 C:\xamphp7.4\htdocs\endque_lion\index.php(37): CodeIgniter\CodeIgniter->run()
#5 {main}
CRITICAL - 2022-02-07 02:43:06 --> Class 'App\Controllers\M_loket' not found
#0 C:\xamphp7.4\htdocs\endque_lion\modules\Dashboard\Controllers\Dashboard.php(13): App\Controllers\MikaController->__construct()
#1 C:\xamphp7.4\htdocs\endque_lion\vendor\codeigniter4\framework\system\CodeIgniter.php(802): Modules\Dashboard\Controllers\Dashboard->__construct()
#2 C:\xamphp7.4\htdocs\endque_lion\vendor\codeigniter4\framework\system\CodeIgniter.php(403): CodeIgniter\CodeIgniter->createController()
#3 C:\xamphp7.4\htdocs\endque_lion\vendor\codeigniter4\framework\system\CodeIgniter.php(320): CodeIgniter\CodeIgniter->handleRequest(NULL, Object(Config\Cache), false)
#4 C:\xamphp7.4\htdocs\endque_lion\index.php(37): CodeIgniter\CodeIgniter->run()
#5 {main}
CRITICAL - 2022-02-07 02:43:07 --> Class 'App\Controllers\M_loket' not found
#0 C:\xamphp7.4\htdocs\endque_lion\modules\Dashboard\Controllers\Dashboard.php(13): App\Controllers\MikaController->__construct()
#1 C:\xamphp7.4\htdocs\endque_lion\vendor\codeigniter4\framework\system\CodeIgniter.php(802): Modules\Dashboard\Controllers\Dashboard->__construct()
#2 C:\xamphp7.4\htdocs\endque_lion\vendor\codeigniter4\framework\system\CodeIgniter.php(403): CodeIgniter\CodeIgniter->createController()
#3 C:\xamphp7.4\htdocs\endque_lion\vendor\codeigniter4\framework\system\CodeIgniter.php(320): CodeIgniter\CodeIgniter->handleRequest(NULL, Object(Config\Cache), false)
#4 C:\xamphp7.4\htdocs\endque_lion\index.php(37): CodeIgniter\CodeIgniter->run()
#5 {main}
CRITICAL - 2022-02-07 02:43:08 --> Class 'App\Controllers\M_loket' not found
#0 C:\xamphp7.4\htdocs\endque_lion\modules\Dashboard\Controllers\Dashboard.php(13): App\Controllers\MikaController->__construct()
#1 C:\xamphp7.4\htdocs\endque_lion\vendor\codeigniter4\framework\system\CodeIgniter.php(802): Modules\Dashboard\Controllers\Dashboard->__construct()
#2 C:\xamphp7.4\htdocs\endque_lion\vendor\codeigniter4\framework\system\CodeIgniter.php(403): CodeIgniter\CodeIgniter->createController()
#3 C:\xamphp7.4\htdocs\endque_lion\vendor\codeigniter4\framework\system\CodeIgniter.php(320): CodeIgniter\CodeIgniter->handleRequest(NULL, Object(Config\Cache), false)
#4 C:\xamphp7.4\htdocs\endque_lion\index.php(37): CodeIgniter\CodeIgniter->run()
#5 {main}
CRITICAL - 2022-02-07 02:43:08 --> Class 'App\Controllers\M_loket' not found
#0 C:\xamphp7.4\htdocs\endque_lion\modules\Dashboard\Controllers\Dashboard.php(13): App\Controllers\MikaController->__construct()
#1 C:\xamphp7.4\htdocs\endque_lion\vendor\codeigniter4\framework\system\CodeIgniter.php(802): Modules\Dashboard\Controllers\Dashboard->__construct()
#2 C:\xamphp7.4\htdocs\endque_lion\vendor\codeigniter4\framework\system\CodeIgniter.php(403): CodeIgniter\CodeIgniter->createController()
#3 C:\xamphp7.4\htdocs\endque_lion\vendor\codeigniter4\framework\system\CodeIgniter.php(320): CodeIgniter\CodeIgniter->handleRequest(NULL, Object(Config\Cache), false)
#4 C:\xamphp7.4\htdocs\endque_lion\index.php(37): CodeIgniter\CodeIgniter->run()
#5 {main}
CRITICAL - 2022-02-07 02:43:09 --> Class 'App\Controllers\M_loket' not found
#0 C:\xamphp7.4\htdocs\endque_lion\modules\Dashboard\Controllers\Dashboard.php(13): App\Controllers\MikaController->__construct()
#1 C:\xamphp7.4\htdocs\endque_lion\vendor\codeigniter4\framework\system\CodeIgniter.php(802): Modules\Dashboard\Controllers\Dashboard->__construct()
#2 C:\xamphp7.4\htdocs\endque_lion\vendor\codeigniter4\framework\system\CodeIgniter.php(403): CodeIgniter\CodeIgniter->createController()
#3 C:\xamphp7.4\htdocs\endque_lion\vendor\codeigniter4\framework\system\CodeIgniter.php(320): CodeIgniter\CodeIgniter->handleRequest(NULL, Object(Config\Cache), false)
#4 C:\xamphp7.4\htdocs\endque_lion\index.php(37): CodeIgniter\CodeIgniter->run()
#5 {main}
CRITICAL - 2022-02-07 02:43:10 --> Class 'App\Controllers\M_loket' not found
#0 C:\xamphp7.4\htdocs\endque_lion\modules\Dashboard\Controllers\Dashboard.php(13): App\Controllers\MikaController->__construct()
#1 C:\xamphp7.4\htdocs\endque_lion\vendor\codeigniter4\framework\system\CodeIgniter.php(802): Modules\Dashboard\Controllers\Dashboard->__construct()
#2 C:\xamphp7.4\htdocs\endque_lion\vendor\codeigniter4\framework\system\CodeIgniter.php(403): CodeIgniter\CodeIgniter->createController()
#3 C:\xamphp7.4\htdocs\endque_lion\vendor\codeigniter4\framework\system\CodeIgniter.php(320): CodeIgniter\CodeIgniter->handleRequest(NULL, Object(Config\Cache), false)
#4 C:\xamphp7.4\htdocs\endque_lion\index.php(37): CodeIgniter\CodeIgniter->run()
#5 {main}
CRITICAL - 2022-02-07 02:43:11 --> Class 'App\Controllers\M_loket' not found
#0 C:\xamphp7.4\htdocs\endque_lion\modules\Dashboard\Controllers\Dashboard.php(13): App\Controllers\MikaController->__construct()
#1 C:\xamphp7.4\htdocs\endque_lion\vendor\codeigniter4\framework\system\CodeIgniter.php(802): Modules\Dashboard\Controllers\Dashboard->__construct()
#2 C:\xamphp7.4\htdocs\endque_lion\vendor\codeigniter4\framework\system\CodeIgniter.php(403): CodeIgniter\CodeIgniter->createController()
#3 C:\xamphp7.4\htdocs\endque_lion\vendor\codeigniter4\framework\system\CodeIgniter.php(320): CodeIgniter\CodeIgniter->handleRequest(NULL, Object(Config\Cache), false)
#4 C:\xamphp7.4\htdocs\endque_lion\index.php(37): CodeIgniter\CodeIgniter->run()
#5 {main}
CRITICAL - 2022-02-07 02:43:12 --> Class 'App\Controllers\M_loket' not found
#0 C:\xamphp7.4\htdocs\endque_lion\modules\Dashboard\Controllers\Dashboard.php(13): App\Controllers\MikaController->__construct()
#1 C:\xamphp7.4\htdocs\endque_lion\vendor\codeigniter4\framework\system\CodeIgniter.php(802): Modules\Dashboard\Controllers\Dashboard->__construct()
#2 C:\xamphp7.4\htdocs\endque_lion\vendor\codeigniter4\framework\system\CodeIgniter.php(403): CodeIgniter\CodeIgniter->createController()
#3 C:\xamphp7.4\htdocs\endque_lion\vendor\codeigniter4\framework\system\CodeIgniter.php(320): CodeIgniter\CodeIgniter->handleRequest(NULL, Object(Config\Cache), false)
#4 C:\xamphp7.4\htdocs\endque_lion\index.php(37): CodeIgniter\CodeIgniter->run()
#5 {main}
CRITICAL - 2022-02-07 02:43:13 --> Class 'App\Controllers\M_loket' not found
#0 C:\xamphp7.4\htdocs\endque_lion\modules\Dashboard\Controllers\Dashboard.php(13): App\Controllers\MikaController->__construct()
#1 C:\xamphp7.4\htdocs\endque_lion\vendor\codeigniter4\framework\system\CodeIgniter.php(802): Modules\Dashboard\Controllers\Dashboard->__construct()
#2 C:\xamphp7.4\htdocs\endque_lion\vendor\codeigniter4\framework\system\CodeIgniter.php(403): CodeIgniter\CodeIgniter->createController()
#3 C:\xamphp7.4\htdocs\endque_lion\vendor\codeigniter4\framework\system\CodeIgniter.php(320): CodeIgniter\CodeIgniter->handleRequest(NULL, Object(Config\Cache), false)
#4 C:\xamphp7.4\htdocs\endque_lion\index.php(37): CodeIgniter\CodeIgniter->run()
#5 {main}
CRITICAL - 2022-02-07 02:43:13 --> Class 'App\Controllers\M_loket' not found
#0 C:\xamphp7.4\htdocs\endque_lion\modules\Dashboard\Controllers\Dashboard.php(13): App\Controllers\MikaController->__construct()
#1 C:\xamphp7.4\htdocs\endque_lion\vendor\codeigniter4\framework\system\CodeIgniter.php(802): Modules\Dashboard\Controllers\Dashboard->__construct()
#2 C:\xamphp7.4\htdocs\endque_lion\vendor\codeigniter4\framework\system\CodeIgniter.php(403): CodeIgniter\CodeIgniter->createController()
#3 C:\xamphp7.4\htdocs\endque_lion\vendor\codeigniter4\framework\system\CodeIgniter.php(320): CodeIgniter\CodeIgniter->handleRequest(NULL, Object(Config\Cache), false)
#4 C:\xamphp7.4\htdocs\endque_lion\index.php(37): CodeIgniter\CodeIgniter->run()
#5 {main}
CRITICAL - 2022-02-07 02:43:13 --> Class 'App\Controllers\M_loket' not found
#0 C:\xamphp7.4\htdocs\endque_lion\modules\Dashboard\Controllers\Dashboard.php(13): App\Controllers\MikaController->__construct()
#1 C:\xamphp7.4\htdocs\endque_lion\vendor\codeigniter4\framework\system\CodeIgniter.php(802): Modules\Dashboard\Controllers\Dashboard->__construct()
#2 C:\xamphp7.4\htdocs\endque_lion\vendor\codeigniter4\framework\system\CodeIgniter.php(403): CodeIgniter\CodeIgniter->createController()
#3 C:\xamphp7.4\htdocs\endque_lion\vendor\codeigniter4\framework\system\CodeIgniter.php(320): CodeIgniter\CodeIgniter->handleRequest(NULL, Object(Config\Cache), false)
#4 C:\xamphp7.4\htdocs\endque_lion\index.php(37): CodeIgniter\CodeIgniter->run()
#5 {main}
CRITICAL - 2022-02-07 02:43:13 --> Class 'App\Controllers\M_loket' not found
#0 C:\xamphp7.4\htdocs\endque_lion\modules\Dashboard\Controllers\Dashboard.php(13): App\Controllers\MikaController->__construct()
#1 C:\xamphp7.4\htdocs\endque_lion\vendor\codeigniter4\framework\system\CodeIgniter.php(802): Modules\Dashboard\Controllers\Dashboard->__construct()
#2 C:\xamphp7.4\htdocs\endque_lion\vendor\codeigniter4\framework\system\CodeIgniter.php(403): CodeIgniter\CodeIgniter->createController()
#3 C:\xamphp7.4\htdocs\endque_lion\vendor\codeigniter4\framework\system\CodeIgniter.php(320): CodeIgniter\CodeIgniter->handleRequest(NULL, Object(Config\Cache), false)
#4 C:\xamphp7.4\htdocs\endque_lion\index.php(37): CodeIgniter\CodeIgniter->run()
#5 {main}
CRITICAL - 2022-02-07 02:43:13 --> Class 'App\Controllers\M_loket' not found
#0 C:\xamphp7.4\htdocs\endque_lion\modules\Dashboard\Controllers\Dashboard.php(13): App\Controllers\MikaController->__construct()
#1 C:\xamphp7.4\htdocs\endque_lion\vendor\codeigniter4\framework\system\CodeIgniter.php(802): Modules\Dashboard\Controllers\Dashboard->__construct()
#2 C:\xamphp7.4\htdocs\endque_lion\vendor\codeigniter4\framework\system\CodeIgniter.php(403): CodeIgniter\CodeIgniter->createController()
#3 C:\xamphp7.4\htdocs\endque_lion\vendor\codeigniter4\framework\system\CodeIgniter.php(320): CodeIgniter\CodeIgniter->handleRequest(NULL, Object(Config\Cache), false)
#4 C:\xamphp7.4\htdocs\endque_lion\index.php(37): CodeIgniter\CodeIgniter->run()
#5 {main}
CRITICAL - 2022-02-07 02:43:14 --> Class 'App\Controllers\M_loket' not found
#0 C:\xamphp7.4\htdocs\endque_lion\modules\Dashboard\Controllers\Dashboard.php(13): App\Controllers\MikaController->__construct()
#1 C:\xamphp7.4\htdocs\endque_lion\vendor\codeigniter4\framework\system\CodeIgniter.php(802): Modules\Dashboard\Controllers\Dashboard->__construct()
#2 C:\xamphp7.4\htdocs\endque_lion\vendor\codeigniter4\framework\system\CodeIgniter.php(403): CodeIgniter\CodeIgniter->createController()
#3 C:\xamphp7.4\htdocs\endque_lion\vendor\codeigniter4\framework\system\CodeIgniter.php(320): CodeIgniter\CodeIgniter->handleRequest(NULL, Object(Config\Cache), false)
#4 C:\xamphp7.4\htdocs\endque_lion\index.php(37): CodeIgniter\CodeIgniter->run()
#5 {main}
CRITICAL - 2022-02-07 02:43:15 --> Class 'App\Controllers\M_loket' not found
#0 C:\xamphp7.4\htdocs\endque_lion\modules\Dashboard\Controllers\Dashboard.php(13): App\Controllers\MikaController->__construct()
#1 C:\xamphp7.4\htdocs\endque_lion\vendor\codeigniter4\framework\system\CodeIgniter.php(802): Modules\Dashboard\Controllers\Dashboard->__construct()
#2 C:\xamphp7.4\htdocs\endque_lion\vendor\codeigniter4\framework\system\CodeIgniter.php(403): CodeIgniter\CodeIgniter->createController()
#3 C:\xamphp7.4\htdocs\endque_lion\vendor\codeigniter4\framework\system\CodeIgniter.php(320): CodeIgniter\CodeIgniter->handleRequest(NULL, Object(Config\Cache), false)
#4 C:\xamphp7.4\htdocs\endque_lion\index.php(37): CodeIgniter\CodeIgniter->run()
#5 {main}
CRITICAL - 2022-02-07 02:43:16 --> Class 'App\Controllers\M_loket' not found
#0 C:\xamphp7.4\htdocs\endque_lion\modules\Dashboard\Controllers\Dashboard.php(13): App\Controllers\MikaController->__construct()
#1 C:\xamphp7.4\htdocs\endque_lion\vendor\codeigniter4\framework\system\CodeIgniter.php(802): Modules\Dashboard\Controllers\Dashboard->__construct()
#2 C:\xamphp7.4\htdocs\endque_lion\vendor\codeigniter4\framework\system\CodeIgniter.php(403): CodeIgniter\CodeIgniter->createController()
#3 C:\xamphp7.4\htdocs\endque_lion\vendor\codeigniter4\framework\system\CodeIgniter.php(320): CodeIgniter\CodeIgniter->handleRequest(NULL, Object(Config\Cache), false)
#4 C:\xamphp7.4\htdocs\endque_lion\index.php(37): CodeIgniter\CodeIgniter->run()
#5 {main}
CRITICAL - 2022-02-07 02:43:17 --> Class 'App\Controllers\M_loket' not found
#0 C:\xamphp7.4\htdocs\endque_lion\modules\Dashboard\Controllers\Dashboard.php(13): App\Controllers\MikaController->__construct()
#1 C:\xamphp7.4\htdocs\endque_lion\vendor\codeigniter4\framework\system\CodeIgniter.php(802): Modules\Dashboard\Controllers\Dashboard->__construct()
#2 C:\xamphp7.4\htdocs\endque_lion\vendor\codeigniter4\framework\system\CodeIgniter.php(403): CodeIgniter\CodeIgniter->createController()
#3 C:\xamphp7.4\htdocs\endque_lion\vendor\codeigniter4\framework\system\CodeIgniter.php(320): CodeIgniter\CodeIgniter->handleRequest(NULL, Object(Config\Cache), false)
#4 C:\xamphp7.4\htdocs\endque_lion\index.php(37): CodeIgniter\CodeIgniter->run()
#5 {main}
CRITICAL - 2022-02-07 02:43:18 --> Class 'App\Controllers\M_loket' not found
#0 C:\xamphp7.4\htdocs\endque_lion\modules\Dashboard\Controllers\Dashboard.php(13): App\Controllers\MikaController->__construct()
#1 C:\xamphp7.4\htdocs\endque_lion\vendor\codeigniter4\framework\system\CodeIgniter.php(802): Modules\Dashboard\Controllers\Dashboard->__construct()
#2 C:\xamphp7.4\htdocs\endque_lion\vendor\codeigniter4\framework\system\CodeIgniter.php(403): CodeIgniter\CodeIgniter->createController()
#3 C:\xamphp7.4\htdocs\endque_lion\vendor\codeigniter4\framework\system\CodeIgniter.php(320): CodeIgniter\CodeIgniter->handleRequest(NULL, Object(Config\Cache), false)
#4 C:\xamphp7.4\htdocs\endque_lion\index.php(37): CodeIgniter\CodeIgniter->run()
#5 {main}
CRITICAL - 2022-02-07 02:43:18 --> Class 'App\Controllers\M_loket' not found
#0 C:\xamphp7.4\htdocs\endque_lion\modules\Dashboard\Controllers\Dashboard.php(13): App\Controllers\MikaController->__construct()
#1 C:\xamphp7.4\htdocs\endque_lion\vendor\codeigniter4\framework\system\CodeIgniter.php(802): Modules\Dashboard\Controllers\Dashboard->__construct()
#2 C:\xamphp7.4\htdocs\endque_lion\vendor\codeigniter4\framework\system\CodeIgniter.php(403): CodeIgniter\CodeIgniter->createController()
#3 C:\xamphp7.4\htdocs\endque_lion\vendor\codeigniter4\framework\system\CodeIgniter.php(320): CodeIgniter\CodeIgniter->handleRequest(NULL, Object(Config\Cache), false)
#4 C:\xamphp7.4\htdocs\endque_lion\index.php(37): CodeIgniter\CodeIgniter->run()
#5 {main}
CRITICAL - 2022-02-07 02:43:19 --> Class 'App\Controllers\M_loket' not found
#0 C:\xamphp7.4\htdocs\endque_lion\modules\Dashboard\Controllers\Dashboard.php(13): App\Controllers\MikaController->__construct()
#1 C:\xamphp7.4\htdocs\endque_lion\vendor\codeigniter4\framework\system\CodeIgniter.php(802): Modules\Dashboard\Controllers\Dashboard->__construct()
#2 C:\xamphp7.4\htdocs\endque_lion\vendor\codeigniter4\framework\system\CodeIgniter.php(403): CodeIgniter\CodeIgniter->createController()
#3 C:\xamphp7.4\htdocs\endque_lion\vendor\codeigniter4\framework\system\CodeIgniter.php(320): CodeIgniter\CodeIgniter->handleRequest(NULL, Object(Config\Cache), false)
#4 C:\xamphp7.4\htdocs\endque_lion\index.php(37): CodeIgniter\CodeIgniter->run()
#5 {main}
CRITICAL - 2022-02-07 02:43:20 --> Class 'App\Controllers\M_loket' not found
#0 C:\xamphp7.4\htdocs\endque_lion\modules\Dashboard\Controllers\Dashboard.php(13): App\Controllers\MikaController->__construct()
#1 C:\xamphp7.4\htdocs\endque_lion\vendor\codeigniter4\framework\system\CodeIgniter.php(802): Modules\Dashboard\Controllers\Dashboard->__construct()
#2 C:\xamphp7.4\htdocs\endque_lion\vendor\codeigniter4\framework\system\CodeIgniter.php(403): CodeIgniter\CodeIgniter->createController()
#3 C:\xamphp7.4\htdocs\endque_lion\vendor\codeigniter4\framework\system\CodeIgniter.php(320): CodeIgniter\CodeIgniter->handleRequest(NULL, Object(Config\Cache), false)
#4 C:\xamphp7.4\htdocs\endque_lion\index.php(37): CodeIgniter\CodeIgniter->run()
#5 {main}
CRITICAL - 2022-02-07 02:43:21 --> Class 'App\Controllers\M_loket' not found
#0 C:\xamphp7.4\htdocs\endque_lion\modules\Dashboard\Controllers\Dashboard.php(13): App\Controllers\MikaController->__construct()
#1 C:\xamphp7.4\htdocs\endque_lion\vendor\codeigniter4\framework\system\CodeIgniter.php(802): Modules\Dashboard\Controllers\Dashboard->__construct()
#2 C:\xamphp7.4\htdocs\endque_lion\vendor\codeigniter4\framework\system\CodeIgniter.php(403): CodeIgniter\CodeIgniter->createController()
#3 C:\xamphp7.4\htdocs\endque_lion\vendor\codeigniter4\framework\system\CodeIgniter.php(320): CodeIgniter\CodeIgniter->handleRequest(NULL, Object(Config\Cache), false)
#4 C:\xamphp7.4\htdocs\endque_lion\index.php(37): CodeIgniter\CodeIgniter->run()
#5 {main}
CRITICAL - 2022-02-07 02:43:22 --> Class 'App\Controllers\M_loket' not found
#0 C:\xamphp7.4\htdocs\endque_lion\modules\Dashboard\Controllers\Dashboard.php(13): App\Controllers\MikaController->__construct()
#1 C:\xamphp7.4\htdocs\endque_lion\vendor\codeigniter4\framework\system\CodeIgniter.php(802): Modules\Dashboard\Controllers\Dashboard->__construct()
#2 C:\xamphp7.4\htdocs\endque_lion\vendor\codeigniter4\framework\system\CodeIgniter.php(403): CodeIgniter\CodeIgniter->createController()
#3 C:\xamphp7.4\htdocs\endque_lion\vendor\codeigniter4\framework\system\CodeIgniter.php(320): CodeIgniter\CodeIgniter->handleRequest(NULL, Object(Config\Cache), false)
#4 C:\xamphp7.4\htdocs\endque_lion\index.php(37): CodeIgniter\CodeIgniter->run()
#5 {main}
CRITICAL - 2022-02-07 02:43:23 --> Class 'App\Controllers\M_loket' not found
#0 C:\xamphp7.4\htdocs\endque_lion\modules\Dashboard\Controllers\Dashboard.php(13): App\Controllers\MikaController->__construct()
#1 C:\xamphp7.4\htdocs\endque_lion\vendor\codeigniter4\framework\system\CodeIgniter.php(802): Modules\Dashboard\Controllers\Dashboard->__construct()
#2 C:\xamphp7.4\htdocs\endque_lion\vendor\codeigniter4\framework\system\CodeIgniter.php(403): CodeIgniter\CodeIgniter->createController()
#3 C:\xamphp7.4\htdocs\endque_lion\vendor\codeigniter4\framework\system\CodeIgniter.php(320): CodeIgniter\CodeIgniter->handleRequest(NULL, Object(Config\Cache), false)
#4 C:\xamphp7.4\htdocs\endque_lion\index.php(37): CodeIgniter\CodeIgniter->run()
#5 {main}
CRITICAL - 2022-02-07 02:43:23 --> Class 'App\Controllers\M_loket' not found
#0 C:\xamphp7.4\htdocs\endque_lion\modules\Dashboard\Controllers\Dashboard.php(13): App\Controllers\MikaController->__construct()
#1 C:\xamphp7.4\htdocs\endque_lion\vendor\codeigniter4\framework\system\CodeIgniter.php(802): Modules\Dashboard\Controllers\Dashboard->__construct()
#2 C:\xamphp7.4\htdocs\endque_lion\vendor\codeigniter4\framework\system\CodeIgniter.php(403): CodeIgniter\CodeIgniter->createController()
#3 C:\xamphp7.4\htdocs\endque_lion\vendor\codeigniter4\framework\system\CodeIgniter.php(320): CodeIgniter\CodeIgniter->handleRequest(NULL, Object(Config\Cache), false)
#4 C:\xamphp7.4\htdocs\endque_lion\index.php(37): CodeIgniter\CodeIgniter->run()
#5 {main}
CRITICAL - 2022-02-07 02:43:23 --> Class 'App\Controllers\M_loket' not found
#0 C:\xamphp7.4\htdocs\endque_lion\modules\Dashboard\Controllers\Dashboard.php(13): App\Controllers\MikaController->__construct()
#1 C:\xamphp7.4\htdocs\endque_lion\vendor\codeigniter4\framework\system\CodeIgniter.php(802): Modules\Dashboard\Controllers\Dashboard->__construct()
#2 C:\xamphp7.4\htdocs\endque_lion\vendor\codeigniter4\framework\system\CodeIgniter.php(403): CodeIgniter\CodeIgniter->createController()
#3 C:\xamphp7.4\htdocs\endque_lion\vendor\codeigniter4\framework\system\CodeIgniter.php(320): CodeIgniter\CodeIgniter->handleRequest(NULL, Object(Config\Cache), false)
#4 C:\xamphp7.4\htdocs\endque_lion\index.php(37): CodeIgniter\CodeIgniter->run()
#5 {main}
CRITICAL - 2022-02-07 02:43:24 --> Class 'App\Controllers\M_loket' not found
#0 C:\xamphp7.4\htdocs\endque_lion\modules\Dashboard\Controllers\Dashboard.php(13): App\Controllers\MikaController->__construct()
#1 C:\xamphp7.4\htdocs\endque_lion\vendor\codeigniter4\framework\system\CodeIgniter.php(802): Modules\Dashboard\Controllers\Dashboard->__construct()
#2 C:\xamphp7.4\htdocs\endque_lion\vendor\codeigniter4\framework\system\CodeIgniter.php(403): CodeIgniter\CodeIgniter->createController()
#3 C:\xamphp7.4\htdocs\endque_lion\vendor\codeigniter4\framework\system\CodeIgniter.php(320): CodeIgniter\CodeIgniter->handleRequest(NULL, Object(Config\Cache), false)
#4 C:\xamphp7.4\htdocs\endque_lion\index.php(37): CodeIgniter\CodeIgniter->run()
#5 {main}
CRITICAL - 2022-02-07 02:43:25 --> Class 'App\Controllers\M_loket' not found
#0 C:\xamphp7.4\htdocs\endque_lion\modules\Dashboard\Controllers\Dashboard.php(13): App\Controllers\MikaController->__construct()
#1 C:\xamphp7.4\htdocs\endque_lion\vendor\codeigniter4\framework\system\CodeIgniter.php(802): Modules\Dashboard\Controllers\Dashboard->__construct()
#2 C:\xamphp7.4\htdocs\endque_lion\vendor\codeigniter4\framework\system\CodeIgniter.php(403): CodeIgniter\CodeIgniter->createController()
#3 C:\xamphp7.4\htdocs\endque_lion\vendor\codeigniter4\framework\system\CodeIgniter.php(320): CodeIgniter\CodeIgniter->handleRequest(NULL, Object(Config\Cache), false)
#4 C:\xamphp7.4\htdocs\endque_lion\index.php(37): CodeIgniter\CodeIgniter->run()
#5 {main}
CRITICAL - 2022-02-07 02:43:26 --> Class 'App\Controllers\M_loket' not found
#0 C:\xamphp7.4\htdocs\endque_lion\modules\Dashboard\Controllers\Dashboard.php(13): App\Controllers\MikaController->__construct()
#1 C:\xamphp7.4\htdocs\endque_lion\vendor\codeigniter4\framework\system\CodeIgniter.php(802): Modules\Dashboard\Controllers\Dashboard->__construct()
#2 C:\xamphp7.4\htdocs\endque_lion\vendor\codeigniter4\framework\system\CodeIgniter.php(403): CodeIgniter\CodeIgniter->createController()
#3 C:\xamphp7.4\htdocs\endque_lion\vendor\codeigniter4\framework\system\CodeIgniter.php(320): CodeIgniter\CodeIgniter->handleRequest(NULL, Object(Config\Cache), false)
#4 C:\xamphp7.4\htdocs\endque_lion\index.php(37): CodeIgniter\CodeIgniter->run()
#5 {main}
CRITICAL - 2022-02-07 02:43:27 --> Class 'App\Controllers\M_loket' not found
#0 C:\xamphp7.4\htdocs\endque_lion\modules\Dashboard\Controllers\Dashboard.php(13): App\Controllers\MikaController->__construct()
#1 C:\xamphp7.4\htdocs\endque_lion\vendor\codeigniter4\framework\system\CodeIgniter.php(802): Modules\Dashboard\Controllers\Dashboard->__construct()
#2 C:\xamphp7.4\htdocs\endque_lion\vendor\codeigniter4\framework\system\CodeIgniter.php(403): CodeIgniter\CodeIgniter->createController()
#3 C:\xamphp7.4\htdocs\endque_lion\vendor\codeigniter4\framework\system\CodeIgniter.php(320): CodeIgniter\CodeIgniter->handleRequest(NULL, Object(Config\Cache), false)
#4 C:\xamphp7.4\htdocs\endque_lion\index.php(37): CodeIgniter\CodeIgniter->run()
#5 {main}
CRITICAL - 2022-02-07 02:43:28 --> Class 'App\Controllers\M_loket' not found
#0 C:\xamphp7.4\htdocs\endque_lion\modules\Dashboard\Controllers\Dashboard.php(13): App\Controllers\MikaController->__construct()
#1 C:\xamphp7.4\htdocs\endque_lion\vendor\codeigniter4\framework\system\CodeIgniter.php(802): Modules\Dashboard\Controllers\Dashboard->__construct()
#2 C:\xamphp7.4\htdocs\endque_lion\vendor\codeigniter4\framework\system\CodeIgniter.php(403): CodeIgniter\CodeIgniter->createController()
#3 C:\xamphp7.4\htdocs\endque_lion\vendor\codeigniter4\framework\system\CodeIgniter.php(320): CodeIgniter\CodeIgniter->handleRequest(NULL, Object(Config\Cache), false)
#4 C:\xamphp7.4\htdocs\endque_lion\index.php(37): CodeIgniter\CodeIgniter->run()
#5 {main}
CRITICAL - 2022-02-07 02:43:28 --> Class 'App\Controllers\M_loket' not found
#0 C:\xamphp7.4\htdocs\endque_lion\modules\Dashboard\Controllers\Dashboard.php(13): App\Controllers\MikaController->__construct()
#1 C:\xamphp7.4\htdocs\endque_lion\vendor\codeigniter4\framework\system\CodeIgniter.php(802): Modules\Dashboard\Controllers\Dashboard->__construct()
#2 C:\xamphp7.4\htdocs\endque_lion\vendor\codeigniter4\framework\system\CodeIgniter.php(403): CodeIgniter\CodeIgniter->createController()
#3 C:\xamphp7.4\htdocs\endque_lion\vendor\codeigniter4\framework\system\CodeIgniter.php(320): CodeIgniter\CodeIgniter->handleRequest(NULL, Object(Config\Cache), false)
#4 C:\xamphp7.4\htdocs\endque_lion\index.php(37): CodeIgniter\CodeIgniter->run()
#5 {main}
CRITICAL - 2022-02-07 02:43:28 --> Class 'App\Controllers\M_loket' not found
#0 C:\xamphp7.4\htdocs\endque_lion\modules\Dashboard\Controllers\Dashboard.php(13): App\Controllers\MikaController->__construct()
#1 C:\xamphp7.4\htdocs\endque_lion\vendor\codeigniter4\framework\system\CodeIgniter.php(802): Modules\Dashboard\Controllers\Dashboard->__construct()
#2 C:\xamphp7.4\htdocs\endque_lion\vendor\codeigniter4\framework\system\CodeIgniter.php(403): CodeIgniter\CodeIgniter->createController()
#3 C:\xamphp7.4\htdocs\endque_lion\vendor\codeigniter4\framework\system\CodeIgniter.php(320): CodeIgniter\CodeIgniter->handleRequest(NULL, Object(Config\Cache), false)
#4 C:\xamphp7.4\htdocs\endque_lion\index.php(37): CodeIgniter\CodeIgniter->run()
#5 {main}
CRITICAL - 2022-02-07 02:43:29 --> Class 'App\Controllers\M_loket' not found
#0 C:\xamphp7.4\htdocs\endque_lion\modules\Dashboard\Controllers\Dashboard.php(13): App\Controllers\MikaController->__construct()
#1 C:\xamphp7.4\htdocs\endque_lion\vendor\codeigniter4\framework\system\CodeIgniter.php(802): Modules\Dashboard\Controllers\Dashboard->__construct()
#2 C:\xamphp7.4\htdocs\endque_lion\vendor\codeigniter4\framework\system\CodeIgniter.php(403): CodeIgniter\CodeIgniter->createController()
#3 C:\xamphp7.4\htdocs\endque_lion\vendor\codeigniter4\framework\system\CodeIgniter.php(320): CodeIgniter\CodeIgniter->handleRequest(NULL, Object(Config\Cache), false)
#4 C:\xamphp7.4\htdocs\endque_lion\index.php(37): CodeIgniter\CodeIgniter->run()
#5 {main}
CRITICAL - 2022-02-07 02:43:30 --> Class 'App\Controllers\M_loket' not found
#0 C:\xamphp7.4\htdocs\endque_lion\modules\Dashboard\Controllers\Dashboard.php(13): App\Controllers\MikaController->__construct()
#1 C:\xamphp7.4\htdocs\endque_lion\vendor\codeigniter4\framework\system\CodeIgniter.php(802): Modules\Dashboard\Controllers\Dashboard->__construct()
#2 C:\xamphp7.4\htdocs\endque_lion\vendor\codeigniter4\framework\system\CodeIgniter.php(403): CodeIgniter\CodeIgniter->createController()
#3 C:\xamphp7.4\htdocs\endque_lion\vendor\codeigniter4\framework\system\CodeIgniter.php(320): CodeIgniter\CodeIgniter->handleRequest(NULL, Object(Config\Cache), false)
#4 C:\xamphp7.4\htdocs\endque_lion\index.php(37): CodeIgniter\CodeIgniter->run()
#5 {main}
CRITICAL - 2022-02-07 02:43:31 --> Class 'App\Controllers\M_loket' not found
#0 C:\xamphp7.4\htdocs\endque_lion\modules\Dashboard\Controllers\Dashboard.php(13): App\Controllers\MikaController->__construct()
#1 C:\xamphp7.4\htdocs\endque_lion\vendor\codeigniter4\framework\system\CodeIgniter.php(802): Modules\Dashboard\Controllers\Dashboard->__construct()
#2 C:\xamphp7.4\htdocs\endque_lion\vendor\codeigniter4\framework\system\CodeIgniter.php(403): CodeIgniter\CodeIgniter->createController()
#3 C:\xamphp7.4\htdocs\endque_lion\vendor\codeigniter4\framework\system\CodeIgniter.php(320): CodeIgniter\CodeIgniter->handleRequest(NULL, Object(Config\Cache), false)
#4 C:\xamphp7.4\htdocs\endque_lion\index.php(37): CodeIgniter\CodeIgniter->run()
#5 {main}
CRITICAL - 2022-02-07 02:43:32 --> Class 'App\Controllers\M_loket' not found
#0 C:\xamphp7.4\htdocs\endque_lion\modules\Dashboard\Controllers\Dashboard.php(13): App\Controllers\MikaController->__construct()
#1 C:\xamphp7.4\htdocs\endque_lion\vendor\codeigniter4\framework\system\CodeIgniter.php(802): Modules\Dashboard\Controllers\Dashboard->__construct()
#2 C:\xamphp7.4\htdocs\endque_lion\vendor\codeigniter4\framework\system\CodeIgniter.php(403): CodeIgniter\CodeIgniter->createController()
#3 C:\xamphp7.4\htdocs\endque_lion\vendor\codeigniter4\framework\system\CodeIgniter.php(320): CodeIgniter\CodeIgniter->handleRequest(NULL, Object(Config\Cache), false)
#4 C:\xamphp7.4\htdocs\endque_lion\index.php(37): CodeIgniter\CodeIgniter->run()
#5 {main}
CRITICAL - 2022-02-07 02:43:33 --> Class 'App\Controllers\M_loket' not found
#0 C:\xamphp7.4\htdocs\endque_lion\modules\Dashboard\Controllers\Dashboard.php(13): App\Controllers\MikaController->__construct()
#1 C:\xamphp7.4\htdocs\endque_lion\vendor\codeigniter4\framework\system\CodeIgniter.php(802): Modules\Dashboard\Controllers\Dashboard->__construct()
#2 C:\xamphp7.4\htdocs\endque_lion\vendor\codeigniter4\framework\system\CodeIgniter.php(403): CodeIgniter\CodeIgniter->createController()
#3 C:\xamphp7.4\htdocs\endque_lion\vendor\codeigniter4\framework\system\CodeIgniter.php(320): CodeIgniter\CodeIgniter->handleRequest(NULL, Object(Config\Cache), false)
#4 C:\xamphp7.4\htdocs\endque_lion\index.php(37): CodeIgniter\CodeIgniter->run()
#5 {main}
CRITICAL - 2022-02-07 02:43:33 --> Class 'App\Controllers\M_loket' not found
#0 C:\xamphp7.4\htdocs\endque_lion\modules\Dashboard\Controllers\Dashboard.php(13): App\Controllers\MikaController->__construct()
#1 C:\xamphp7.4\htdocs\endque_lion\vendor\codeigniter4\framework\system\CodeIgniter.php(802): Modules\Dashboard\Controllers\Dashboard->__construct()
#2 C:\xamphp7.4\htdocs\endque_lion\vendor\codeigniter4\framework\system\CodeIgniter.php(403): CodeIgniter\CodeIgniter->createController()
#3 C:\xamphp7.4\htdocs\endque_lion\vendor\codeigniter4\framework\system\CodeIgniter.php(320): CodeIgniter\CodeIgniter->handleRequest(NULL, Object(Config\Cache), false)
#4 C:\xamphp7.4\htdocs\endque_lion\index.php(37): CodeIgniter\CodeIgniter->run()
#5 {main}
CRITICAL - 2022-02-07 02:43:33 --> Class 'App\Controllers\M_loket' not found
#0 C:\xamphp7.4\htdocs\endque_lion\modules\Dashboard\Controllers\Dashboard.php(13): App\Controllers\MikaController->__construct()
#1 C:\xamphp7.4\htdocs\endque_lion\vendor\codeigniter4\framework\system\CodeIgniter.php(802): Modules\Dashboard\Controllers\Dashboard->__construct()
#2 C:\xamphp7.4\htdocs\endque_lion\vendor\codeigniter4\framework\system\CodeIgniter.php(403): CodeIgniter\CodeIgniter->createController()
#3 C:\xamphp7.4\htdocs\endque_lion\vendor\codeigniter4\framework\system\CodeIgniter.php(320): CodeIgniter\CodeIgniter->handleRequest(NULL, Object(Config\Cache), false)
#4 C:\xamphp7.4\htdocs\endque_lion\index.php(37): CodeIgniter\CodeIgniter->run()
#5 {main}
CRITICAL - 2022-02-07 02:43:34 --> Class 'App\Controllers\M_loket' not found
#0 C:\xamphp7.4\htdocs\endque_lion\modules\Dashboard\Controllers\Dashboard.php(13): App\Controllers\MikaController->__construct()
#1 C:\xamphp7.4\htdocs\endque_lion\vendor\codeigniter4\framework\system\CodeIgniter.php(802): Modules\Dashboard\Controllers\Dashboard->__construct()
#2 C:\xamphp7.4\htdocs\endque_lion\vendor\codeigniter4\framework\system\CodeIgniter.php(403): CodeIgniter\CodeIgniter->createController()
#3 C:\xamphp7.4\htdocs\endque_lion\vendor\codeigniter4\framework\system\CodeIgniter.php(320): CodeIgniter\CodeIgniter->handleRequest(NULL, Object(Config\Cache), false)
#4 C:\xamphp7.4\htdocs\endque_lion\index.php(37): CodeIgniter\CodeIgniter->run()
#5 {main}
CRITICAL - 2022-02-07 02:43:35 --> Class 'App\Controllers\M_loket' not found
#0 C:\xamphp7.4\htdocs\endque_lion\modules\Dashboard\Controllers\Dashboard.php(13): App\Controllers\MikaController->__construct()
#1 C:\xamphp7.4\htdocs\endque_lion\vendor\codeigniter4\framework\system\CodeIgniter.php(802): Modules\Dashboard\Controllers\Dashboard->__construct()
#2 C:\xamphp7.4\htdocs\endque_lion\vendor\codeigniter4\framework\system\CodeIgniter.php(403): CodeIgniter\CodeIgniter->createController()
#3 C:\xamphp7.4\htdocs\endque_lion\vendor\codeigniter4\framework\system\CodeIgniter.php(320): CodeIgniter\CodeIgniter->handleRequest(NULL, Object(Config\Cache), false)
#4 C:\xamphp7.4\htdocs\endque_lion\index.php(37): CodeIgniter\CodeIgniter->run()
#5 {main}
CRITICAL - 2022-02-07 02:43:36 --> Class 'App\Controllers\M_loket' not found
#0 C:\xamphp7.4\htdocs\endque_lion\modules\Dashboard\Controllers\Dashboard.php(13): App\Controllers\MikaController->__construct()
#1 C:\xamphp7.4\htdocs\endque_lion\vendor\codeigniter4\framework\system\CodeIgniter.php(802): Modules\Dashboard\Controllers\Dashboard->__construct()
#2 C:\xamphp7.4\htdocs\endque_lion\vendor\codeigniter4\framework\system\CodeIgniter.php(403): CodeIgniter\CodeIgniter->createController()
#3 C:\xamphp7.4\htdocs\endque_lion\vendor\codeigniter4\framework\system\CodeIgniter.php(320): CodeIgniter\CodeIgniter->handleRequest(NULL, Object(Config\Cache), false)
#4 C:\xamphp7.4\htdocs\endque_lion\index.php(37): CodeIgniter\CodeIgniter->run()
#5 {main}
CRITICAL - 2022-02-07 02:43:37 --> Class 'App\Controllers\M_loket' not found
#0 C:\xamphp7.4\htdocs\endque_lion\modules\Dashboard\Controllers\Dashboard.php(13): App\Controllers\MikaController->__construct()
#1 C:\xamphp7.4\htdocs\endque_lion\vendor\codeigniter4\framework\system\CodeIgniter.php(802): Modules\Dashboard\Controllers\Dashboard->__construct()
#2 C:\xamphp7.4\htdocs\endque_lion\vendor\codeigniter4\framework\system\CodeIgniter.php(403): CodeIgniter\CodeIgniter->createController()
#3 C:\xamphp7.4\htdocs\endque_lion\vendor\codeigniter4\framework\system\CodeIgniter.php(320): CodeIgniter\CodeIgniter->handleRequest(NULL, Object(Config\Cache), false)
#4 C:\xamphp7.4\htdocs\endque_lion\index.php(37): CodeIgniter\CodeIgniter->run()
#5 {main}
CRITICAL - 2022-02-07 02:43:38 --> Class 'App\Controllers\M_loket' not found
#0 C:\xamphp7.4\htdocs\endque_lion\modules\Dashboard\Controllers\Dashboard.php(13): App\Controllers\MikaController->__construct()
#1 C:\xamphp7.4\htdocs\endque_lion\vendor\codeigniter4\framework\system\CodeIgniter.php(802): Modules\Dashboard\Controllers\Dashboard->__construct()
#2 C:\xamphp7.4\htdocs\endque_lion\vendor\codeigniter4\framework\system\CodeIgniter.php(403): CodeIgniter\CodeIgniter->createController()
#3 C:\xamphp7.4\htdocs\endque_lion\vendor\codeigniter4\framework\system\CodeIgniter.php(320): CodeIgniter\CodeIgniter->handleRequest(NULL, Object(Config\Cache), false)
#4 C:\xamphp7.4\htdocs\endque_lion\index.php(37): CodeIgniter\CodeIgniter->run()
#5 {main}
CRITICAL - 2022-02-07 02:43:38 --> Class 'App\Controllers\M_loket' not found
#0 C:\xamphp7.4\htdocs\endque_lion\modules\Dashboard\Controllers\Dashboard.php(13): App\Controllers\MikaController->__construct()
#1 C:\xamphp7.4\htdocs\endque_lion\vendor\codeigniter4\framework\system\CodeIgniter.php(802): Modules\Dashboard\Controllers\Dashboard->__construct()
#2 C:\xamphp7.4\htdocs\endque_lion\vendor\codeigniter4\framework\system\CodeIgniter.php(403): CodeIgniter\CodeIgniter->createController()
#3 C:\xamphp7.4\htdocs\endque_lion\vendor\codeigniter4\framework\system\CodeIgniter.php(320): CodeIgniter\CodeIgniter->handleRequest(NULL, Object(Config\Cache), false)
#4 C:\xamphp7.4\htdocs\endque_lion\index.php(37): CodeIgniter\CodeIgniter->run()
#5 {main}
CRITICAL - 2022-02-07 02:43:39 --> Class 'App\Controllers\M_loket' not found
#0 C:\xamphp7.4\htdocs\endque_lion\modules\Dashboard\Controllers\Dashboard.php(13): App\Controllers\MikaController->__construct()
#1 C:\xamphp7.4\htdocs\endque_lion\vendor\codeigniter4\framework\system\CodeIgniter.php(802): Modules\Dashboard\Controllers\Dashboard->__construct()
#2 C:\xamphp7.4\htdocs\endque_lion\vendor\codeigniter4\framework\system\CodeIgniter.php(403): CodeIgniter\CodeIgniter->createController()
#3 C:\xamphp7.4\htdocs\endque_lion\vendor\codeigniter4\framework\system\CodeIgniter.php(320): CodeIgniter\CodeIgniter->handleRequest(NULL, Object(Config\Cache), false)
#4 C:\xamphp7.4\htdocs\endque_lion\index.php(37): CodeIgniter\CodeIgniter->run()
#5 {main}
CRITICAL - 2022-02-07 02:43:40 --> Class 'App\Controllers\M_loket' not found
#0 C:\xamphp7.4\htdocs\endque_lion\modules\Dashboard\Controllers\Dashboard.php(13): App\Controllers\MikaController->__construct()
#1 C:\xamphp7.4\htdocs\endque_lion\vendor\codeigniter4\framework\system\CodeIgniter.php(802): Modules\Dashboard\Controllers\Dashboard->__construct()
#2 C:\xamphp7.4\htdocs\endque_lion\vendor\codeigniter4\framework\system\CodeIgniter.php(403): CodeIgniter\CodeIgniter->createController()
#3 C:\xamphp7.4\htdocs\endque_lion\vendor\codeigniter4\framework\system\CodeIgniter.php(320): CodeIgniter\CodeIgniter->handleRequest(NULL, Object(Config\Cache), false)
#4 C:\xamphp7.4\htdocs\endque_lion\index.php(37): CodeIgniter\CodeIgniter->run()
#5 {main}
CRITICAL - 2022-02-07 02:43:41 --> Class 'App\Controllers\M_loket' not found
#0 C:\xamphp7.4\htdocs\endque_lion\modules\Dashboard\Controllers\Dashboard.php(13): App\Controllers\MikaController->__construct()
#1 C:\xamphp7.4\htdocs\endque_lion\vendor\codeigniter4\framework\system\CodeIgniter.php(802): Modules\Dashboard\Controllers\Dashboard->__construct()
#2 C:\xamphp7.4\htdocs\endque_lion\vendor\codeigniter4\framework\system\CodeIgniter.php(403): CodeIgniter\CodeIgniter->createController()
#3 C:\xamphp7.4\htdocs\endque_lion\vendor\codeigniter4\framework\system\CodeIgniter.php(320): CodeIgniter\CodeIgniter->handleRequest(NULL, Object(Config\Cache), false)
#4 C:\xamphp7.4\htdocs\endque_lion\index.php(37): CodeIgniter\CodeIgniter->run()
#5 {main}
CRITICAL - 2022-02-07 02:43:42 --> Class 'App\Controllers\M_loket' not found
#0 C:\xamphp7.4\htdocs\endque_lion\modules\Dashboard\Controllers\Dashboard.php(13): App\Controllers\MikaController->__construct()
#1 C:\xamphp7.4\htdocs\endque_lion\vendor\codeigniter4\framework\system\CodeIgniter.php(802): Modules\Dashboard\Controllers\Dashboard->__construct()
#2 C:\xamphp7.4\htdocs\endque_lion\vendor\codeigniter4\framework\system\CodeIgniter.php(403): CodeIgniter\CodeIgniter->createController()
#3 C:\xamphp7.4\htdocs\endque_lion\vendor\codeigniter4\framework\system\CodeIgniter.php(320): CodeIgniter\CodeIgniter->handleRequest(NULL, Object(Config\Cache), false)
#4 C:\xamphp7.4\htdocs\endque_lion\index.php(37): CodeIgniter\CodeIgniter->run()
#5 {main}
CRITICAL - 2022-02-07 02:43:43 --> Class 'App\Controllers\M_loket' not found
#0 C:\xamphp7.4\htdocs\endque_lion\modules\Dashboard\Controllers\Dashboard.php(13): App\Controllers\MikaController->__construct()
#1 C:\xamphp7.4\htdocs\endque_lion\vendor\codeigniter4\framework\system\CodeIgniter.php(802): Modules\Dashboard\Controllers\Dashboard->__construct()
#2 C:\xamphp7.4\htdocs\endque_lion\vendor\codeigniter4\framework\system\CodeIgniter.php(403): CodeIgniter\CodeIgniter->createController()
#3 C:\xamphp7.4\htdocs\endque_lion\vendor\codeigniter4\framework\system\CodeIgniter.php(320): CodeIgniter\CodeIgniter->handleRequest(NULL, Object(Config\Cache), false)
#4 C:\xamphp7.4\htdocs\endque_lion\index.php(37): CodeIgniter\CodeIgniter->run()
#5 {main}
CRITICAL - 2022-02-07 02:43:43 --> Class 'App\Controllers\M_loket' not found
#0 C:\xamphp7.4\htdocs\endque_lion\modules\Dashboard\Controllers\Dashboard.php(13): App\Controllers\MikaController->__construct()
#1 C:\xamphp7.4\htdocs\endque_lion\vendor\codeigniter4\framework\system\CodeIgniter.php(802): Modules\Dashboard\Controllers\Dashboard->__construct()
#2 C:\xamphp7.4\htdocs\endque_lion\vendor\codeigniter4\framework\system\CodeIgniter.php(403): CodeIgniter\CodeIgniter->createController()
#3 C:\xamphp7.4\htdocs\endque_lion\vendor\codeigniter4\framework\system\CodeIgniter.php(320): CodeIgniter\CodeIgniter->handleRequest(NULL, Object(Config\Cache), false)
#4 C:\xamphp7.4\htdocs\endque_lion\index.php(37): CodeIgniter\CodeIgniter->run()
#5 {main}
CRITICAL - 2022-02-07 02:43:43 --> Class 'App\Controllers\M_loket' not found
#0 C:\xamphp7.4\htdocs\endque_lion\modules\Dashboard\Controllers\Dashboard.php(13): App\Controllers\MikaController->__construct()
#1 C:\xamphp7.4\htdocs\endque_lion\vendor\codeigniter4\framework\system\CodeIgniter.php(802): Modules\Dashboard\Controllers\Dashboard->__construct()
#2 C:\xamphp7.4\htdocs\endque_lion\vendor\codeigniter4\framework\system\CodeIgniter.php(403): CodeIgniter\CodeIgniter->createController()
#3 C:\xamphp7.4\htdocs\endque_lion\vendor\codeigniter4\framework\system\CodeIgniter.php(320): CodeIgniter\CodeIgniter->handleRequest(NULL, Object(Config\Cache), false)
#4 C:\xamphp7.4\htdocs\endque_lion\index.php(37): CodeIgniter\CodeIgniter->run()
#5 {main}
CRITICAL - 2022-02-07 02:43:43 --> Class 'App\Controllers\M_loket' not found
#0 C:\xamphp7.4\htdocs\endque_lion\modules\Dashboard\Controllers\Dashboard.php(13): App\Controllers\MikaController->__construct()
#1 C:\xamphp7.4\htdocs\endque_lion\vendor\codeigniter4\framework\system\CodeIgniter.php(802): Modules\Dashboard\Controllers\Dashboard->__construct()
#2 C:\xamphp7.4\htdocs\endque_lion\vendor\codeigniter4\framework\system\CodeIgniter.php(403): CodeIgniter\CodeIgniter->createController()
#3 C:\xamphp7.4\htdocs\endque_lion\vendor\codeigniter4\framework\system\CodeIgniter.php(320): CodeIgniter\CodeIgniter->handleRequest(NULL, Object(Config\Cache), false)
#4 C:\xamphp7.4\htdocs\endque_lion\index.php(37): CodeIgniter\CodeIgniter->run()
#5 {main}
CRITICAL - 2022-02-07 02:43:43 --> Class 'App\Controllers\M_loket' not found
#0 C:\xamphp7.4\htdocs\endque_lion\modules\Dashboard\Controllers\Dashboard.php(13): App\Controllers\MikaController->__construct()
#1 C:\xamphp7.4\htdocs\endque_lion\vendor\codeigniter4\framework\system\CodeIgniter.php(802): Modules\Dashboard\Controllers\Dashboard->__construct()
#2 C:\xamphp7.4\htdocs\endque_lion\vendor\codeigniter4\framework\system\CodeIgniter.php(403): CodeIgniter\CodeIgniter->createController()
#3 C:\xamphp7.4\htdocs\endque_lion\vendor\codeigniter4\framework\system\CodeIgniter.php(320): CodeIgniter\CodeIgniter->handleRequest(NULL, Object(Config\Cache), false)
#4 C:\xamphp7.4\htdocs\endque_lion\index.php(37): CodeIgniter\CodeIgniter->run()
#5 {main}
CRITICAL - 2022-02-07 02:43:44 --> Class 'App\Controllers\M_loket' not found
#0 C:\xamphp7.4\htdocs\endque_lion\modules\Dashboard\Controllers\Dashboard.php(13): App\Controllers\MikaController->__construct()
#1 C:\xamphp7.4\htdocs\endque_lion\vendor\codeigniter4\framework\system\CodeIgniter.php(802): Modules\Dashboard\Controllers\Dashboard->__construct()
#2 C:\xamphp7.4\htdocs\endque_lion\vendor\codeigniter4\framework\system\CodeIgniter.php(403): CodeIgniter\CodeIgniter->createController()
#3 C:\xamphp7.4\htdocs\endque_lion\vendor\codeigniter4\framework\system\CodeIgniter.php(320): CodeIgniter\CodeIgniter->handleRequest(NULL, Object(Config\Cache), false)
#4 C:\xamphp7.4\htdocs\endque_lion\index.php(37): CodeIgniter\CodeIgniter->run()
#5 {main}
