CRITICAL - 2022-02-01 21:57:24 --> Cannot access protected property CodeIgniter\Database\MySQLi\Builder::$db
#0 C:\xamphp7.4\htdocs\endque_lion\modules\Gudang\Controllers\Gudang.php(12): App\Controllers\MikaController->__construct()
#1 C:\xamphp7.4\htdocs\endque_lion\vendor\codeigniter4\framework\system\CodeIgniter.php(802): Modules\Gudang\Controllers\Gudang->__construct()
#2 C:\xamphp7.4\htdocs\endque_lion\vendor\codeigniter4\framework\system\CodeIgniter.php(403): CodeIgniter\CodeIgniter->createController()
#3 C:\xamphp7.4\htdocs\endque_lion\vendor\codeigniter4\framework\system\CodeIgniter.php(320): CodeIgniter\CodeIgniter->handleRequest(NULL, Object(Config\Cache), false)
#4 C:\xamphp7.4\htdocs\endque_lion\index.php(37): CodeIgniter\CodeIgniter->run()
#5 {main}
CRITICAL - 2022-02-01 21:58:17 --> Call to undefined method CodeIgniter\Database\MySQLi\Connection::get()
#0 C:\xamphp7.4\htdocs\endque_lion\modules\Gudang\Controllers\Gudang.php(12): App\Controllers\MikaController->__construct()
#1 C:\xamphp7.4\htdocs\endque_lion\vendor\codeigniter4\framework\system\CodeIgniter.php(802): Modules\Gudang\Controllers\Gudang->__construct()
#2 C:\xamphp7.4\htdocs\endque_lion\vendor\codeigniter4\framework\system\CodeIgniter.php(403): CodeIgniter\CodeIgniter->createController()
#3 C:\xamphp7.4\htdocs\endque_lion\vendor\codeigniter4\framework\system\CodeIgniter.php(320): CodeIgniter\CodeIgniter->handleRequest(NULL, Object(Config\Cache), false)
#4 C:\xamphp7.4\htdocs\endque_lion\index.php(37): CodeIgniter\CodeIgniter->run()
#5 {main}
CRITICAL - 2022-02-01 22:05:11 --> Trying to get property 'nama' of non-object
#0 C:\xamphp7.4\htdocs\endque_lion\app\Controllers\MikaController.php(28): CodeIgniter\Debug\Exceptions->errorHandler(8, 'Trying to get p...', 'C:\\xamphp7.4\\ht...', 28, Array)
#1 C:\xamphp7.4\htdocs\endque_lion\vendor\codeigniter4\framework\system\CodeIgniter.php(802): App\Controllers\MikaController->__construct()
#2 C:\xamphp7.4\htdocs\endque_lion\vendor\codeigniter4\framework\system\CodeIgniter.php(403): CodeIgniter\CodeIgniter->createController()
#3 C:\xamphp7.4\htdocs\endque_lion\vendor\codeigniter4\framework\system\CodeIgniter.php(320): CodeIgniter\CodeIgniter->handleRequest(NULL, Object(Config\Cache), false)
#4 C:\xamphp7.4\htdocs\endque_lion\index.php(37): CodeIgniter\CodeIgniter->run()
#5 {main}
CRITICAL - 2022-02-01 22:07:14 --> Trying to get property 'nama' of non-object
#0 C:\xamphp7.4\htdocs\endque_lion\app\Controllers\MikaController.php(29): CodeIgniter\Debug\Exceptions->errorHandler(8, 'Trying to get p...', 'C:\\xamphp7.4\\ht...', 29, Array)
#1 C:\xamphp7.4\htdocs\endque_lion\vendor\codeigniter4\framework\system\CodeIgniter.php(802): App\Controllers\MikaController->__construct()
#2 C:\xamphp7.4\htdocs\endque_lion\vendor\codeigniter4\framework\system\CodeIgniter.php(403): CodeIgniter\CodeIgniter->createController()
#3 C:\xamphp7.4\htdocs\endque_lion\vendor\codeigniter4\framework\system\CodeIgniter.php(320): CodeIgniter\CodeIgniter->handleRequest(NULL, Object(Config\Cache), false)
#4 C:\xamphp7.4\htdocs\endque_lion\index.php(37): CodeIgniter\CodeIgniter->run()
#5 {main}
CRITICAL - 2022-02-01 22:07:15 --> Trying to get property 'nama' of non-object
#0 C:\xamphp7.4\htdocs\endque_lion\app\Controllers\MikaController.php(29): CodeIgniter\Debug\Exceptions->errorHandler(8, 'Trying to get p...', 'C:\\xamphp7.4\\ht...', 29, Array)
#1 C:\xamphp7.4\htdocs\endque_lion\vendor\codeigniter4\framework\system\CodeIgniter.php(802): App\Controllers\MikaController->__construct()
#2 C:\xamphp7.4\htdocs\endque_lion\vendor\codeigniter4\framework\system\CodeIgniter.php(403): CodeIgniter\CodeIgniter->createController()
#3 C:\xamphp7.4\htdocs\endque_lion\vendor\codeigniter4\framework\system\CodeIgniter.php(320): CodeIgniter\CodeIgniter->handleRequest(NULL, Object(Config\Cache), false)
#4 C:\xamphp7.4\htdocs\endque_lion\index.php(37): CodeIgniter\CodeIgniter->run()
#5 {main}
CRITICAL - 2022-02-01 22:07:55 --> Request URI segment is out of range: 1
#0 C:\xamphp7.4\htdocs\endque_lion\vendor\codeigniter4\framework\system\HTTP\URI.php(529): CodeIgniter\HTTP\Exceptions\HTTPException::forURISegmentOutOfRange(1)
#1 C:\xamphp7.4\htdocs\endque_lion\app\Controllers\MikaController.php(23): CodeIgniter\HTTP\URI->getSegment(1)
#2 C:\xamphp7.4\htdocs\endque_lion\vendor\codeigniter4\framework\system\CodeIgniter.php(802): App\Controllers\MikaController->__construct()
#3 C:\xamphp7.4\htdocs\endque_lion\vendor\codeigniter4\framework\system\CodeIgniter.php(403): CodeIgniter\CodeIgniter->createController()
#4 C:\xamphp7.4\htdocs\endque_lion\vendor\codeigniter4\framework\system\CodeIgniter.php(320): CodeIgniter\CodeIgniter->handleRequest(NULL, Object(Config\Cache), false)
#5 C:\xamphp7.4\htdocs\endque_lion\index.php(37): CodeIgniter\CodeIgniter->run()
#6 {main}
CRITICAL - 2022-02-01 22:08:00 --> Request URI segment is out of range: 1
#0 C:\xamphp7.4\htdocs\endque_lion\vendor\codeigniter4\framework\system\HTTP\URI.php(529): CodeIgniter\HTTP\Exceptions\HTTPException::forURISegmentOutOfRange(1)
#1 C:\xamphp7.4\htdocs\endque_lion\app\Controllers\MikaController.php(23): CodeIgniter\HTTP\URI->getSegment(1)
#2 C:\xamphp7.4\htdocs\endque_lion\vendor\codeigniter4\framework\system\CodeIgniter.php(802): App\Controllers\MikaController->__construct()
#3 C:\xamphp7.4\htdocs\endque_lion\vendor\codeigniter4\framework\system\CodeIgniter.php(403): CodeIgniter\CodeIgniter->createController()
#4 C:\xamphp7.4\htdocs\endque_lion\vendor\codeigniter4\framework\system\CodeIgniter.php(320): CodeIgniter\CodeIgniter->handleRequest(NULL, Object(Config\Cache), false)
#5 C:\xamphp7.4\htdocs\endque_lion\index.php(37): CodeIgniter\CodeIgniter->run()
#6 {main}
CRITICAL - 2022-02-01 22:08:12 --> Request URI segment is out of range: 1
#0 C:\xamphp7.4\htdocs\endque_lion\vendor\codeigniter4\framework\system\HTTP\URI.php(529): CodeIgniter\HTTP\Exceptions\HTTPException::forURISegmentOutOfRange(1)
#1 C:\xamphp7.4\htdocs\endque_lion\app\Controllers\MikaController.php(23): CodeIgniter\HTTP\URI->getSegment(1)
#2 C:\xamphp7.4\htdocs\endque_lion\vendor\codeigniter4\framework\system\CodeIgniter.php(802): App\Controllers\MikaController->__construct()
#3 C:\xamphp7.4\htdocs\endque_lion\vendor\codeigniter4\framework\system\CodeIgniter.php(403): CodeIgniter\CodeIgniter->createController()
#4 C:\xamphp7.4\htdocs\endque_lion\vendor\codeigniter4\framework\system\CodeIgniter.php(320): CodeIgniter\CodeIgniter->handleRequest(NULL, Object(Config\Cache), false)
#5 C:\xamphp7.4\htdocs\endque_lion\index.php(37): CodeIgniter\CodeIgniter->run()
#6 {main}
CRITICAL - 2022-02-01 22:10:54 --> Request URI segment is out of range: 1
#0 C:\xamphp7.4\htdocs\endque_lion\vendor\codeigniter4\framework\system\HTTP\URI.php(529): CodeIgniter\HTTP\Exceptions\HTTPException::forURISegmentOutOfRange(1)
#1 C:\xamphp7.4\htdocs\endque_lion\app\Controllers\MikaController.php(25): CodeIgniter\HTTP\URI->getSegment(1)
#2 C:\xamphp7.4\htdocs\endque_lion\vendor\codeigniter4\framework\system\CodeIgniter.php(802): App\Controllers\MikaController->__construct()
#3 C:\xamphp7.4\htdocs\endque_lion\vendor\codeigniter4\framework\system\CodeIgniter.php(403): CodeIgniter\CodeIgniter->createController()
#4 C:\xamphp7.4\htdocs\endque_lion\vendor\codeigniter4\framework\system\CodeIgniter.php(320): CodeIgniter\CodeIgniter->handleRequest(NULL, Object(Config\Cache), false)
#5 C:\xamphp7.4\htdocs\endque_lion\index.php(37): CodeIgniter\CodeIgniter->run()
#6 {main}
CRITICAL - 2022-02-01 22:10:55 --> Request URI segment is out of range: 1
#0 C:\xamphp7.4\htdocs\endque_lion\vendor\codeigniter4\framework\system\HTTP\URI.php(529): CodeIgniter\HTTP\Exceptions\HTTPException::forURISegmentOutOfRange(1)
#1 C:\xamphp7.4\htdocs\endque_lion\app\Controllers\MikaController.php(25): CodeIgniter\HTTP\URI->getSegment(1)
#2 C:\xamphp7.4\htdocs\endque_lion\vendor\codeigniter4\framework\system\CodeIgniter.php(802): App\Controllers\MikaController->__construct()
#3 C:\xamphp7.4\htdocs\endque_lion\vendor\codeigniter4\framework\system\CodeIgniter.php(403): CodeIgniter\CodeIgniter->createController()
#4 C:\xamphp7.4\htdocs\endque_lion\vendor\codeigniter4\framework\system\CodeIgniter.php(320): CodeIgniter\CodeIgniter->handleRequest(NULL, Object(Config\Cache), false)
#5 C:\xamphp7.4\htdocs\endque_lion\index.php(37): CodeIgniter\CodeIgniter->run()
#6 {main}
CRITICAL - 2022-02-01 22:10:56 --> Request URI segment is out of range: 1
#0 C:\xamphp7.4\htdocs\endque_lion\vendor\codeigniter4\framework\system\HTTP\URI.php(529): CodeIgniter\HTTP\Exceptions\HTTPException::forURISegmentOutOfRange(1)
#1 C:\xamphp7.4\htdocs\endque_lion\app\Controllers\MikaController.php(25): CodeIgniter\HTTP\URI->getSegment(1)
#2 C:\xamphp7.4\htdocs\endque_lion\vendor\codeigniter4\framework\system\CodeIgniter.php(802): App\Controllers\MikaController->__construct()
#3 C:\xamphp7.4\htdocs\endque_lion\vendor\codeigniter4\framework\system\CodeIgniter.php(403): CodeIgniter\CodeIgniter->createController()
#4 C:\xamphp7.4\htdocs\endque_lion\vendor\codeigniter4\framework\system\CodeIgniter.php(320): CodeIgniter\CodeIgniter->handleRequest(NULL, Object(Config\Cache), false)
#5 C:\xamphp7.4\htdocs\endque_lion\index.php(37): CodeIgniter\CodeIgniter->run()
#6 {main}
CRITICAL - 2022-02-01 22:11:45 --> Request URI segment is out of range: 1
#0 C:\xamphp7.4\htdocs\endque_lion\vendor\codeigniter4\framework\system\HTTP\URI.php(529): CodeIgniter\HTTP\Exceptions\HTTPException::forURISegmentOutOfRange(1)
#1 C:\xamphp7.4\htdocs\endque_lion\app\Controllers\MikaController.php(25): CodeIgniter\HTTP\URI->getSegment(1)
#2 C:\xamphp7.4\htdocs\endque_lion\vendor\codeigniter4\framework\system\CodeIgniter.php(802): App\Controllers\MikaController->__construct()
#3 C:\xamphp7.4\htdocs\endque_lion\vendor\codeigniter4\framework\system\CodeIgniter.php(403): CodeIgniter\CodeIgniter->createController()
#4 C:\xamphp7.4\htdocs\endque_lion\vendor\codeigniter4\framework\system\CodeIgniter.php(320): CodeIgniter\CodeIgniter->handleRequest(NULL, Object(Config\Cache), false)
#5 C:\xamphp7.4\htdocs\endque_lion\index.php(37): CodeIgniter\CodeIgniter->run()
#6 {main}
CRITICAL - 2022-02-01 22:13:12 --> Request URI segment is out of range: 1
#0 C:\xamphp7.4\htdocs\endque_lion\vendor\codeigniter4\framework\system\HTTP\URI.php(529): CodeIgniter\HTTP\Exceptions\HTTPException::forURISegmentOutOfRange(1)
#1 C:\xamphp7.4\htdocs\endque_lion\app\Controllers\MikaController.php(26): CodeIgniter\HTTP\URI->getSegment(1)
#2 C:\xamphp7.4\htdocs\endque_lion\vendor\codeigniter4\framework\system\CodeIgniter.php(802): App\Controllers\MikaController->__construct()
#3 C:\xamphp7.4\htdocs\endque_lion\vendor\codeigniter4\framework\system\CodeIgniter.php(403): CodeIgniter\CodeIgniter->createController()
#4 C:\xamphp7.4\htdocs\endque_lion\vendor\codeigniter4\framework\system\CodeIgniter.php(320): CodeIgniter\CodeIgniter->handleRequest(NULL, Object(Config\Cache), false)
#5 C:\xamphp7.4\htdocs\endque_lion\index.php(37): CodeIgniter\CodeIgniter->run()
#6 {main}
CRITICAL - 2022-02-01 22:14:27 --> Trying to get property 'nama' of non-object
#0 C:\xamphp7.4\htdocs\endque_lion\app\Controllers\MikaController.php(31): CodeIgniter\Debug\Exceptions->errorHandler(8, 'Trying to get p...', 'C:\\xamphp7.4\\ht...', 31, Array)
#1 C:\xamphp7.4\htdocs\endque_lion\vendor\codeigniter4\framework\system\CodeIgniter.php(802): App\Controllers\MikaController->__construct()
#2 C:\xamphp7.4\htdocs\endque_lion\vendor\codeigniter4\framework\system\CodeIgniter.php(403): CodeIgniter\CodeIgniter->createController()
#3 C:\xamphp7.4\htdocs\endque_lion\vendor\codeigniter4\framework\system\CodeIgniter.php(320): CodeIgniter\CodeIgniter->handleRequest(NULL, Object(Config\Cache), false)
#4 C:\xamphp7.4\htdocs\endque_lion\index.php(37): CodeIgniter\CodeIgniter->run()
#5 {main}
CRITICAL - 2022-02-01 22:18:02 --> Undefined offset: 1
#0 C:\xamphp7.4\htdocs\endque_lion\app\Controllers\Login.php(72): CodeIgniter\Debug\Exceptions->errorHandler(8, 'Undefined offse...', 'C:\\xamphp7.4\\ht...', 72, Array)
#1 C:\xamphp7.4\htdocs\endque_lion\app\Controllers\Login.php(45): App\Controllers\Login->generate_menu(Object(stdClass))
#2 C:\xamphp7.4\htdocs\endque_lion\vendor\codeigniter4\framework\system\CodeIgniter.php(825): App\Controllers\Login->proses()
#3 C:\xamphp7.4\htdocs\endque_lion\vendor\codeigniter4\framework\system\CodeIgniter.php(412): CodeIgniter\CodeIgniter->runController(Object(App\Controllers\Login))
#4 C:\xamphp7.4\htdocs\endque_lion\vendor\codeigniter4\framework\system\CodeIgniter.php(320): CodeIgniter\CodeIgniter->handleRequest(NULL, Object(Config\Cache), false)
#5 C:\xamphp7.4\htdocs\endque_lion\index.php(37): CodeIgniter\CodeIgniter->run()
#6 {main}
CRITICAL - 2022-02-01 22:22:29 --> Undefined offset: 1
#0 C:\xamphp7.4\htdocs\endque_lion\app\Controllers\Login.php(75): CodeIgniter\Debug\Exceptions->errorHandler(8, 'Undefined offse...', 'C:\\xamphp7.4\\ht...', 75, Array)
#1 C:\xamphp7.4\htdocs\endque_lion\app\Controllers\Login.php(49): App\Controllers\Login->generate_menu(Object(stdClass))
#2 C:\xamphp7.4\htdocs\endque_lion\vendor\codeigniter4\framework\system\CodeIgniter.php(825): App\Controllers\Login->proses()
#3 C:\xamphp7.4\htdocs\endque_lion\vendor\codeigniter4\framework\system\CodeIgniter.php(412): CodeIgniter\CodeIgniter->runController(Object(App\Controllers\Login))
#4 C:\xamphp7.4\htdocs\endque_lion\vendor\codeigniter4\framework\system\CodeIgniter.php(320): CodeIgniter\CodeIgniter->handleRequest(NULL, Object(Config\Cache), false)
#5 C:\xamphp7.4\htdocs\endque_lion\index.php(37): CodeIgniter\CodeIgniter->run()
#6 {main}
CRITICAL - 2022-02-01 22:22:32 --> Undefined offset: 1
#0 C:\xamphp7.4\htdocs\endque_lion\app\Controllers\Login.php(75): CodeIgniter\Debug\Exceptions->errorHandler(8, 'Undefined offse...', 'C:\\xamphp7.4\\ht...', 75, Array)
#1 C:\xamphp7.4\htdocs\endque_lion\app\Controllers\Login.php(49): App\Controllers\Login->generate_menu(Object(stdClass))
#2 C:\xamphp7.4\htdocs\endque_lion\vendor\codeigniter4\framework\system\CodeIgniter.php(825): App\Controllers\Login->proses()
#3 C:\xamphp7.4\htdocs\endque_lion\vendor\codeigniter4\framework\system\CodeIgniter.php(412): CodeIgniter\CodeIgniter->runController(Object(App\Controllers\Login))
#4 C:\xamphp7.4\htdocs\endque_lion\vendor\codeigniter4\framework\system\CodeIgniter.php(320): CodeIgniter\CodeIgniter->handleRequest(NULL, Object(Config\Cache), false)
#5 C:\xamphp7.4\htdocs\endque_lion\index.php(37): CodeIgniter\CodeIgniter->run()
#6 {main}
CRITICAL - 2022-02-01 22:33:07 --> Call to undefined function App\Controllers\show_404()
#0 C:\xamphp7.4\htdocs\endque_lion\modules\Gudang\Controllers\Gudang.php(12): App\Controllers\MikaController->__construct()
#1 C:\xamphp7.4\htdocs\endque_lion\vendor\codeigniter4\framework\system\CodeIgniter.php(802): Modules\Gudang\Controllers\Gudang->__construct()
#2 C:\xamphp7.4\htdocs\endque_lion\vendor\codeigniter4\framework\system\CodeIgniter.php(403): CodeIgniter\CodeIgniter->createController()
#3 C:\xamphp7.4\htdocs\endque_lion\vendor\codeigniter4\framework\system\CodeIgniter.php(320): CodeIgniter\CodeIgniter->handleRequest(NULL, Object(Config\Cache), false)
#4 C:\xamphp7.4\htdocs\endque_lion\index.php(37): CodeIgniter\CodeIgniter->run()
#5 {main}
CRITICAL - 2022-02-01 22:33:22 --> Call to undefined function App\Controllers\show_404()
#0 C:\xamphp7.4\htdocs\endque_lion\modules\Gudang\Controllers\Gudang.php(12): App\Controllers\MikaController->__construct()
#1 C:\xamphp7.4\htdocs\endque_lion\vendor\codeigniter4\framework\system\CodeIgniter.php(802): Modules\Gudang\Controllers\Gudang->__construct()
#2 C:\xamphp7.4\htdocs\endque_lion\vendor\codeigniter4\framework\system\CodeIgniter.php(403): CodeIgniter\CodeIgniter->createController()
#3 C:\xamphp7.4\htdocs\endque_lion\vendor\codeigniter4\framework\system\CodeIgniter.php(320): CodeIgniter\CodeIgniter->handleRequest(NULL, Object(Config\Cache), false)
#4 C:\xamphp7.4\htdocs\endque_lion\index.php(37): CodeIgniter\CodeIgniter->run()
#5 {main}
CRITICAL - 2022-02-01 22:39:33 --> Call to undefined function App\Controllers\show_404()
#0 C:\xamphp7.4\htdocs\endque_lion\modules\Gudang\Controllers\Gudang.php(12): App\Controllers\MikaController->__construct()
#1 C:\xamphp7.4\htdocs\endque_lion\vendor\codeigniter4\framework\system\CodeIgniter.php(802): Modules\Gudang\Controllers\Gudang->__construct()
#2 C:\xamphp7.4\htdocs\endque_lion\vendor\codeigniter4\framework\system\CodeIgniter.php(403): CodeIgniter\CodeIgniter->createController()
#3 C:\xamphp7.4\htdocs\endque_lion\vendor\codeigniter4\framework\system\CodeIgniter.php(320): CodeIgniter\CodeIgniter->handleRequest(NULL, Object(Config\Cache), false)
#4 C:\xamphp7.4\htdocs\endque_lion\index.php(37): CodeIgniter\CodeIgniter->run()
#5 {main}
CRITICAL - 2022-02-01 22:42:49 --> Call to undefined function App\Controllers\show_404()
#0 C:\xamphp7.4\htdocs\endque_lion\modules\Gudang\Controllers\Gudang.php(12): App\Controllers\MikaController->__construct()
#1 C:\xamphp7.4\htdocs\endque_lion\vendor\codeigniter4\framework\system\CodeIgniter.php(802): Modules\Gudang\Controllers\Gudang->__construct()
#2 C:\xamphp7.4\htdocs\endque_lion\vendor\codeigniter4\framework\system\CodeIgniter.php(403): CodeIgniter\CodeIgniter->createController()
#3 C:\xamphp7.4\htdocs\endque_lion\vendor\codeigniter4\framework\system\CodeIgniter.php(320): CodeIgniter\CodeIgniter->handleRequest(NULL, Object(Config\Cache), false)
#4 C:\xamphp7.4\htdocs\endque_lion\index.php(37): CodeIgniter\CodeIgniter->run()
#5 {main}
CRITICAL - 2022-02-01 22:51:00 --> Request URI segment is out of range: 1
#0 C:\xamphp7.4\htdocs\endque_lion\vendor\codeigniter4\framework\system\HTTP\URI.php(529): CodeIgniter\HTTP\Exceptions\HTTPException::forURISegmentOutOfRange(1)
#1 C:\xamphp7.4\htdocs\endque_lion\app\Controllers\MikaController.php(26): CodeIgniter\HTTP\URI->getSegment(1)
#2 C:\xamphp7.4\htdocs\endque_lion\vendor\codeigniter4\framework\system\CodeIgniter.php(802): App\Controllers\MikaController->__construct()
#3 C:\xamphp7.4\htdocs\endque_lion\vendor\codeigniter4\framework\system\CodeIgniter.php(403): CodeIgniter\CodeIgniter->createController()
#4 C:\xamphp7.4\htdocs\endque_lion\vendor\codeigniter4\framework\system\CodeIgniter.php(320): CodeIgniter\CodeIgniter->handleRequest(NULL, Object(Config\Cache), false)
#5 C:\xamphp7.4\htdocs\endque_lion\index.php(37): CodeIgniter\CodeIgniter->run()
#6 {main}
CRITICAL - 2022-02-01 22:51:08 --> Call to undefined function App\Controllers\show_404()
#0 C:\xamphp7.4\htdocs\endque_lion\modules\Gudang\Controllers\Gudang.php(12): App\Controllers\MikaController->__construct()
#1 C:\xamphp7.4\htdocs\endque_lion\vendor\codeigniter4\framework\system\CodeIgniter.php(802): Modules\Gudang\Controllers\Gudang->__construct()
#2 C:\xamphp7.4\htdocs\endque_lion\vendor\codeigniter4\framework\system\CodeIgniter.php(403): CodeIgniter\CodeIgniter->createController()
#3 C:\xamphp7.4\htdocs\endque_lion\vendor\codeigniter4\framework\system\CodeIgniter.php(320): CodeIgniter\CodeIgniter->handleRequest(NULL, Object(Config\Cache), false)
#4 C:\xamphp7.4\htdocs\endque_lion\index.php(37): CodeIgniter\CodeIgniter->run()
#5 {main}
CRITICAL - 2022-02-01 22:51:18 --> Request URI segment is out of range: 1
#0 C:\xamphp7.4\htdocs\endque_lion\vendor\codeigniter4\framework\system\HTTP\URI.php(529): CodeIgniter\HTTP\Exceptions\HTTPException::forURISegmentOutOfRange(1)
#1 C:\xamphp7.4\htdocs\endque_lion\app\Controllers\MikaController.php(26): CodeIgniter\HTTP\URI->getSegment(1)
#2 C:\xamphp7.4\htdocs\endque_lion\vendor\codeigniter4\framework\system\CodeIgniter.php(802): App\Controllers\MikaController->__construct()
#3 C:\xamphp7.4\htdocs\endque_lion\vendor\codeigniter4\framework\system\CodeIgniter.php(403): CodeIgniter\CodeIgniter->createController()
#4 C:\xamphp7.4\htdocs\endque_lion\vendor\codeigniter4\framework\system\CodeIgniter.php(320): CodeIgniter\CodeIgniter->handleRequest(NULL, Object(Config\Cache), false)
#5 C:\xamphp7.4\htdocs\endque_lion\index.php(37): CodeIgniter\CodeIgniter->run()
#6 {main}
CRITICAL - 2022-02-01 22:51:34 --> Request URI segment is out of range: 1
#0 C:\xamphp7.4\htdocs\endque_lion\vendor\codeigniter4\framework\system\HTTP\URI.php(529): CodeIgniter\HTTP\Exceptions\HTTPException::forURISegmentOutOfRange(1)
#1 C:\xamphp7.4\htdocs\endque_lion\app\Controllers\MikaController.php(26): CodeIgniter\HTTP\URI->getSegment(1)
#2 C:\xamphp7.4\htdocs\endque_lion\vendor\codeigniter4\framework\system\CodeIgniter.php(802): App\Controllers\MikaController->__construct()
#3 C:\xamphp7.4\htdocs\endque_lion\vendor\codeigniter4\framework\system\CodeIgniter.php(403): CodeIgniter\CodeIgniter->createController()
#4 C:\xamphp7.4\htdocs\endque_lion\vendor\codeigniter4\framework\system\CodeIgniter.php(320): CodeIgniter\CodeIgniter->handleRequest(NULL, Object(Config\Cache), false)
#5 C:\xamphp7.4\htdocs\endque_lion\index.php(37): CodeIgniter\CodeIgniter->run()
#6 {main}
CRITICAL - 2022-02-01 22:57:36 --> Request URI segment is out of range: 1
#0 C:\xamphp7.4\htdocs\endque_lion\vendor\codeigniter4\framework\system\HTTP\URI.php(529): CodeIgniter\HTTP\Exceptions\HTTPException::forURISegmentOutOfRange(1)
#1 C:\xamphp7.4\htdocs\endque_lion\app\Controllers\MikaController.php(26): CodeIgniter\HTTP\URI->getSegment(1)
#2 C:\xamphp7.4\htdocs\endque_lion\vendor\codeigniter4\framework\system\CodeIgniter.php(802): App\Controllers\MikaController->__construct()
#3 C:\xamphp7.4\htdocs\endque_lion\vendor\codeigniter4\framework\system\CodeIgniter.php(403): CodeIgniter\CodeIgniter->createController()
#4 C:\xamphp7.4\htdocs\endque_lion\vendor\codeigniter4\framework\system\CodeIgniter.php(320): CodeIgniter\CodeIgniter->handleRequest(NULL, Object(Config\Cache), false)
#5 C:\xamphp7.4\htdocs\endque_lion\index.php(37): CodeIgniter\CodeIgniter->run()
#6 {main}
CRITICAL - 2022-02-01 23:01:43 --> Request URI segment is out of range: 1
#0 C:\xamphp7.4\htdocs\endque_lion\vendor\codeigniter4\framework\system\HTTP\URI.php(529): CodeIgniter\HTTP\Exceptions\HTTPException::forURISegmentOutOfRange(1)
#1 C:\xamphp7.4\htdocs\endque_lion\app\Controllers\MikaController.php(26): CodeIgniter\HTTP\URI->getSegment(1)
#2 C:\xamphp7.4\htdocs\endque_lion\vendor\codeigniter4\framework\system\CodeIgniter.php(802): App\Controllers\MikaController->__construct()
#3 C:\xamphp7.4\htdocs\endque_lion\vendor\codeigniter4\framework\system\CodeIgniter.php(403): CodeIgniter\CodeIgniter->createController()
#4 C:\xamphp7.4\htdocs\endque_lion\vendor\codeigniter4\framework\system\CodeIgniter.php(320): CodeIgniter\CodeIgniter->handleRequest(NULL, Object(Config\Cache), false)
#5 C:\xamphp7.4\htdocs\endque_lion\index.php(37): CodeIgniter\CodeIgniter->run()
#6 {main}
CRITICAL - 2022-02-01 23:02:25 --> Request URI segment is out of range: 1
#0 C:\xamphp7.4\htdocs\endque_lion\vendor\codeigniter4\framework\system\HTTP\URI.php(529): CodeIgniter\HTTP\Exceptions\HTTPException::forURISegmentOutOfRange(1)
#1 C:\xamphp7.4\htdocs\endque_lion\app\Controllers\MikaController.php(26): CodeIgniter\HTTP\URI->getSegment(1)
#2 C:\xamphp7.4\htdocs\endque_lion\vendor\codeigniter4\framework\system\CodeIgniter.php(802): App\Controllers\MikaController->__construct()
#3 C:\xamphp7.4\htdocs\endque_lion\vendor\codeigniter4\framework\system\CodeIgniter.php(403): CodeIgniter\CodeIgniter->createController()
#4 C:\xamphp7.4\htdocs\endque_lion\vendor\codeigniter4\framework\system\CodeIgniter.php(320): CodeIgniter\CodeIgniter->handleRequest(NULL, Object(Config\Cache), false)
#5 C:\xamphp7.4\htdocs\endque_lion\index.php(37): CodeIgniter\CodeIgniter->run()
#6 {main}
CRITICAL - 2022-02-01 23:02:27 --> Request URI segment is out of range: 1
#0 C:\xamphp7.4\htdocs\endque_lion\vendor\codeigniter4\framework\system\HTTP\URI.php(529): CodeIgniter\HTTP\Exceptions\HTTPException::forURISegmentOutOfRange(1)
#1 C:\xamphp7.4\htdocs\endque_lion\app\Controllers\MikaController.php(26): CodeIgniter\HTTP\URI->getSegment(1)
#2 C:\xamphp7.4\htdocs\endque_lion\vendor\codeigniter4\framework\system\CodeIgniter.php(802): App\Controllers\MikaController->__construct()
#3 C:\xamphp7.4\htdocs\endque_lion\vendor\codeigniter4\framework\system\CodeIgniter.php(403): CodeIgniter\CodeIgniter->createController()
#4 C:\xamphp7.4\htdocs\endque_lion\vendor\codeigniter4\framework\system\CodeIgniter.php(320): CodeIgniter\CodeIgniter->handleRequest(NULL, Object(Config\Cache), false)
#5 C:\xamphp7.4\htdocs\endque_lion\index.php(37): CodeIgniter\CodeIgniter->run()
#6 {main}
CRITICAL - 2022-02-01 23:02:36 --> Request URI segment is out of range: 1
#0 C:\xamphp7.4\htdocs\endque_lion\vendor\codeigniter4\framework\system\HTTP\URI.php(529): CodeIgniter\HTTP\Exceptions\HTTPException::forURISegmentOutOfRange(1)
#1 C:\xamphp7.4\htdocs\endque_lion\app\Controllers\MikaController.php(26): CodeIgniter\HTTP\URI->getSegment(1)
#2 C:\xamphp7.4\htdocs\endque_lion\vendor\codeigniter4\framework\system\CodeIgniter.php(802): App\Controllers\MikaController->__construct()
#3 C:\xamphp7.4\htdocs\endque_lion\vendor\codeigniter4\framework\system\CodeIgniter.php(403): CodeIgniter\CodeIgniter->createController()
#4 C:\xamphp7.4\htdocs\endque_lion\vendor\codeigniter4\framework\system\CodeIgniter.php(320): CodeIgniter\CodeIgniter->handleRequest(NULL, Object(Config\Cache), false)
#5 C:\xamphp7.4\htdocs\endque_lion\index.php(37): CodeIgniter\CodeIgniter->run()
#6 {main}
CRITICAL - 2022-02-01 23:02:38 --> Request URI segment is out of range: 1
#0 C:\xamphp7.4\htdocs\endque_lion\vendor\codeigniter4\framework\system\HTTP\URI.php(529): CodeIgniter\HTTP\Exceptions\HTTPException::forURISegmentOutOfRange(1)
#1 C:\xamphp7.4\htdocs\endque_lion\app\Controllers\MikaController.php(26): CodeIgniter\HTTP\URI->getSegment(1)
#2 C:\xamphp7.4\htdocs\endque_lion\vendor\codeigniter4\framework\system\CodeIgniter.php(802): App\Controllers\MikaController->__construct()
#3 C:\xamphp7.4\htdocs\endque_lion\vendor\codeigniter4\framework\system\CodeIgniter.php(403): CodeIgniter\CodeIgniter->createController()
#4 C:\xamphp7.4\htdocs\endque_lion\vendor\codeigniter4\framework\system\CodeIgniter.php(320): CodeIgniter\CodeIgniter->handleRequest(NULL, Object(Config\Cache), false)
#5 C:\xamphp7.4\htdocs\endque_lion\index.php(37): CodeIgniter\CodeIgniter->run()
#6 {main}
CRITICAL - 2022-02-01 23:05:29 --> Request URI segment is out of range: 1
#0 C:\xamphp7.4\htdocs\endque_lion\vendor\codeigniter4\framework\system\HTTP\URI.php(529): CodeIgniter\HTTP\Exceptions\HTTPException::forURISegmentOutOfRange(1)
#1 C:\xamphp7.4\htdocs\endque_lion\app\Controllers\MikaController.php(26): CodeIgniter\HTTP\URI->getSegment(1)
#2 C:\xamphp7.4\htdocs\endque_lion\vendor\codeigniter4\framework\system\CodeIgniter.php(802): App\Controllers\MikaController->__construct()
#3 C:\xamphp7.4\htdocs\endque_lion\vendor\codeigniter4\framework\system\CodeIgniter.php(403): CodeIgniter\CodeIgniter->createController()
#4 C:\xamphp7.4\htdocs\endque_lion\vendor\codeigniter4\framework\system\CodeIgniter.php(320): CodeIgniter\CodeIgniter->handleRequest(NULL, Object(Config\Cache), false)
#5 C:\xamphp7.4\htdocs\endque_lion\index.php(37): CodeIgniter\CodeIgniter->run()
#6 {main}
CRITICAL - 2022-02-01 23:07:18 --> Request URI segment is out of range: 1
#0 C:\xamphp7.4\htdocs\endque_lion\vendor\codeigniter4\framework\system\HTTP\URI.php(529): CodeIgniter\HTTP\Exceptions\HTTPException::forURISegmentOutOfRange(1)
#1 C:\xamphp7.4\htdocs\endque_lion\app\Controllers\MikaController.php(26): CodeIgniter\HTTP\URI->getSegment(1)
#2 C:\xamphp7.4\htdocs\endque_lion\vendor\codeigniter4\framework\system\CodeIgniter.php(802): App\Controllers\MikaController->__construct()
#3 C:\xamphp7.4\htdocs\endque_lion\vendor\codeigniter4\framework\system\CodeIgniter.php(403): CodeIgniter\CodeIgniter->createController()
#4 C:\xamphp7.4\htdocs\endque_lion\vendor\codeigniter4\framework\system\CodeIgniter.php(320): CodeIgniter\CodeIgniter->handleRequest(NULL, Object(Config\Cache), false)
#5 C:\xamphp7.4\htdocs\endque_lion\index.php(37): CodeIgniter\CodeIgniter->run()
#6 {main}
CRITICAL - 2022-02-01 23:07:18 --> Request URI segment is out of range: 1
#0 C:\xamphp7.4\htdocs\endque_lion\vendor\codeigniter4\framework\system\HTTP\URI.php(529): CodeIgniter\HTTP\Exceptions\HTTPException::forURISegmentOutOfRange(1)
#1 C:\xamphp7.4\htdocs\endque_lion\app\Controllers\MikaController.php(26): CodeIgniter\HTTP\URI->getSegment(1)
#2 C:\xamphp7.4\htdocs\endque_lion\vendor\codeigniter4\framework\system\CodeIgniter.php(802): App\Controllers\MikaController->__construct()
#3 C:\xamphp7.4\htdocs\endque_lion\vendor\codeigniter4\framework\system\CodeIgniter.php(403): CodeIgniter\CodeIgniter->createController()
#4 C:\xamphp7.4\htdocs\endque_lion\vendor\codeigniter4\framework\system\CodeIgniter.php(320): CodeIgniter\CodeIgniter->handleRequest(NULL, Object(Config\Cache), false)
#5 C:\xamphp7.4\htdocs\endque_lion\index.php(37): CodeIgniter\CodeIgniter->run()
#6 {main}
CRITICAL - 2022-02-01 23:07:19 --> Request URI segment is out of range: 1
#0 C:\xamphp7.4\htdocs\endque_lion\vendor\codeigniter4\framework\system\HTTP\URI.php(529): CodeIgniter\HTTP\Exceptions\HTTPException::forURISegmentOutOfRange(1)
#1 C:\xamphp7.4\htdocs\endque_lion\app\Controllers\MikaController.php(26): CodeIgniter\HTTP\URI->getSegment(1)
#2 C:\xamphp7.4\htdocs\endque_lion\vendor\codeigniter4\framework\system\CodeIgniter.php(802): App\Controllers\MikaController->__construct()
#3 C:\xamphp7.4\htdocs\endque_lion\vendor\codeigniter4\framework\system\CodeIgniter.php(403): CodeIgniter\CodeIgniter->createController()
#4 C:\xamphp7.4\htdocs\endque_lion\vendor\codeigniter4\framework\system\CodeIgniter.php(320): CodeIgniter\CodeIgniter->handleRequest(NULL, Object(Config\Cache), false)
#5 C:\xamphp7.4\htdocs\endque_lion\index.php(37): CodeIgniter\CodeIgniter->run()
#6 {main}
CRITICAL - 2022-02-01 23:07:57 --> Request URI segment is out of range: 1
#0 C:\xamphp7.4\htdocs\endque_lion\vendor\codeigniter4\framework\system\HTTP\URI.php(529): CodeIgniter\HTTP\Exceptions\HTTPException::forURISegmentOutOfRange(1)
#1 C:\xamphp7.4\htdocs\endque_lion\app\Controllers\MikaController.php(26): CodeIgniter\HTTP\URI->getSegment(1)
#2 C:\xamphp7.4\htdocs\endque_lion\vendor\codeigniter4\framework\system\CodeIgniter.php(802): App\Controllers\MikaController->__construct()
#3 C:\xamphp7.4\htdocs\endque_lion\vendor\codeigniter4\framework\system\CodeIgniter.php(403): CodeIgniter\CodeIgniter->createController()
#4 C:\xamphp7.4\htdocs\endque_lion\vendor\codeigniter4\framework\system\CodeIgniter.php(320): CodeIgniter\CodeIgniter->handleRequest(NULL, Object(Config\Cache), false)
#5 C:\xamphp7.4\htdocs\endque_lion\index.php(37): CodeIgniter\CodeIgniter->run()
#6 {main}
CRITICAL - 2022-02-01 23:08:49 --> Request URI segment is out of range: 1
#0 C:\xamphp7.4\htdocs\endque_lion\vendor\codeigniter4\framework\system\HTTP\URI.php(529): CodeIgniter\HTTP\Exceptions\HTTPException::forURISegmentOutOfRange(1)
#1 C:\xamphp7.4\htdocs\endque_lion\app\Controllers\MikaController.php(26): CodeIgniter\HTTP\URI->getSegment(1)
#2 C:\xamphp7.4\htdocs\endque_lion\vendor\codeigniter4\framework\system\CodeIgniter.php(802): App\Controllers\MikaController->__construct()
#3 C:\xamphp7.4\htdocs\endque_lion\vendor\codeigniter4\framework\system\CodeIgniter.php(403): CodeIgniter\CodeIgniter->createController()
#4 C:\xamphp7.4\htdocs\endque_lion\vendor\codeigniter4\framework\system\CodeIgniter.php(320): CodeIgniter\CodeIgniter->handleRequest(NULL, Object(Config\Cache), false)
#5 C:\xamphp7.4\htdocs\endque_lion\index.php(37): CodeIgniter\CodeIgniter->run()
#6 {main}
CRITICAL - 2022-02-01 23:09:18 --> file_get_contents(): read of 8192 bytes failed with errno=13 Permission denied
#0 [internal function]: CodeIgniter\Debug\Exceptions->errorHandler(8, 'file_get_conten...', 'C:\\xamphp7.4\\ht...', 80, Array)
#1 C:\xamphp7.4\htdocs\endque_lion\vendor\codeigniter4\framework\system\Debug\Toolbar\Collectors\History.php(80): file_get_contents('C:\\xamphp7.4\\ht...')
#2 C:\xamphp7.4\htdocs\endque_lion\vendor\codeigniter4\framework\system\Debug\Toolbar.php(487): CodeIgniter\Debug\Toolbar\Collectors\History->setFiles(1643778557, 20)
#3 C:\xamphp7.4\htdocs\endque_lion\vendor\codeigniter4\framework\system\Debug\Toolbar.php(464): CodeIgniter\Debug\Toolbar->format(Array, 'html')
#4 C:\xamphp7.4\htdocs\endque_lion\app\Config\Events.php(48): CodeIgniter\Debug\Toolbar->respond()
#5 C:\xamphp7.4\htdocs\endque_lion\vendor\codeigniter4\framework\system\Events\Events.php(149): CodeIgniter\Events\Events::Config\{closure}()
#6 C:\xamphp7.4\htdocs\endque_lion\vendor\codeigniter4\framework\system\CodeIgniter.php(302): CodeIgniter\Events\Events::trigger('pre_system')
#7 C:\xamphp7.4\htdocs\endque_lion\index.php(37): CodeIgniter\CodeIgniter->run()
#8 {main}
CRITICAL - 2022-02-01 23:10:57 --> Request URI segment is out of range: 1
#0 C:\xamphp7.4\htdocs\endque_lion\vendor\codeigniter4\framework\system\HTTP\URI.php(529): CodeIgniter\HTTP\Exceptions\HTTPException::forURISegmentOutOfRange(1)
#1 C:\xamphp7.4\htdocs\endque_lion\app\Controllers\MikaController.php(26): CodeIgniter\HTTP\URI->getSegment(1)
#2 C:\xamphp7.4\htdocs\endque_lion\vendor\codeigniter4\framework\system\CodeIgniter.php(802): App\Controllers\MikaController->__construct()
#3 C:\xamphp7.4\htdocs\endque_lion\vendor\codeigniter4\framework\system\CodeIgniter.php(403): CodeIgniter\CodeIgniter->createController()
#4 C:\xamphp7.4\htdocs\endque_lion\vendor\codeigniter4\framework\system\CodeIgniter.php(320): CodeIgniter\CodeIgniter->handleRequest(NULL, Object(Config\Cache), false)
#5 C:\xamphp7.4\htdocs\endque_lion\index.php(37): CodeIgniter\CodeIgniter->run()
#6 {main}
CRITICAL - 2022-02-01 23:16:14 --> Request URI segment is out of range: 1
#0 C:\xamphp7.4\htdocs\endque_lion\vendor\codeigniter4\framework\system\HTTP\URI.php(529): CodeIgniter\HTTP\Exceptions\HTTPException::forURISegmentOutOfRange(1)
#1 C:\xamphp7.4\htdocs\endque_lion\app\Controllers\MikaController.php(26): CodeIgniter\HTTP\URI->getSegment(1)
#2 C:\xamphp7.4\htdocs\endque_lion\vendor\codeigniter4\framework\system\CodeIgniter.php(802): App\Controllers\MikaController->__construct()
#3 C:\xamphp7.4\htdocs\endque_lion\vendor\codeigniter4\framework\system\CodeIgniter.php(403): CodeIgniter\CodeIgniter->createController()
#4 C:\xamphp7.4\htdocs\endque_lion\vendor\codeigniter4\framework\system\CodeIgniter.php(320): CodeIgniter\CodeIgniter->handleRequest(NULL, Object(Config\Cache), false)
#5 C:\xamphp7.4\htdocs\endque_lion\index.php(37): CodeIgniter\CodeIgniter->run()
#6 {main}
CRITICAL - 2022-02-01 23:16:45 --> Request URI segment is out of range: 1
#0 C:\xamphp7.4\htdocs\endque_lion\vendor\codeigniter4\framework\system\HTTP\URI.php(529): CodeIgniter\HTTP\Exceptions\HTTPException::forURISegmentOutOfRange(1)
#1 C:\xamphp7.4\htdocs\endque_lion\app\Controllers\MikaController.php(26): CodeIgniter\HTTP\URI->getSegment(1)
#2 C:\xamphp7.4\htdocs\endque_lion\vendor\codeigniter4\framework\system\CodeIgniter.php(802): App\Controllers\MikaController->__construct()
#3 C:\xamphp7.4\htdocs\endque_lion\vendor\codeigniter4\framework\system\CodeIgniter.php(403): CodeIgniter\CodeIgniter->createController()
#4 C:\xamphp7.4\htdocs\endque_lion\vendor\codeigniter4\framework\system\CodeIgniter.php(320): CodeIgniter\CodeIgniter->handleRequest(NULL, Object(Config\Cache), false)
#5 C:\xamphp7.4\htdocs\endque_lion\index.php(37): CodeIgniter\CodeIgniter->run()
#6 {main}
CRITICAL - 2022-02-01 23:16:54 --> Request URI segment is out of range: 1
#0 C:\xamphp7.4\htdocs\endque_lion\vendor\codeigniter4\framework\system\HTTP\URI.php(529): CodeIgniter\HTTP\Exceptions\HTTPException::forURISegmentOutOfRange(1)
#1 C:\xamphp7.4\htdocs\endque_lion\app\Controllers\MikaController.php(26): CodeIgniter\HTTP\URI->getSegment(1)
#2 C:\xamphp7.4\htdocs\endque_lion\modules\Dashboard\Controllers\Dashboard.php(13): App\Controllers\MikaController->__construct()
#3 C:\xamphp7.4\htdocs\endque_lion\vendor\codeigniter4\framework\system\CodeIgniter.php(802): Modules\Dashboard\Controllers\Dashboard->__construct()
#4 C:\xamphp7.4\htdocs\endque_lion\vendor\codeigniter4\framework\system\CodeIgniter.php(403): CodeIgniter\CodeIgniter->createController()
#5 C:\xamphp7.4\htdocs\endque_lion\vendor\codeigniter4\framework\system\CodeIgniter.php(320): CodeIgniter\CodeIgniter->handleRequest(NULL, Object(Config\Cache), false)
#6 C:\xamphp7.4\htdocs\endque_lion\index.php(37): CodeIgniter\CodeIgniter->run()
#7 {main}
CRITICAL - 2022-02-01 23:16:55 --> Request URI segment is out of range: 1
#0 C:\xamphp7.4\htdocs\endque_lion\vendor\codeigniter4\framework\system\HTTP\URI.php(529): CodeIgniter\HTTP\Exceptions\HTTPException::forURISegmentOutOfRange(1)
#1 C:\xamphp7.4\htdocs\endque_lion\app\Controllers\MikaController.php(26): CodeIgniter\HTTP\URI->getSegment(1)
#2 C:\xamphp7.4\htdocs\endque_lion\modules\Dashboard\Controllers\Dashboard.php(13): App\Controllers\MikaController->__construct()
#3 C:\xamphp7.4\htdocs\endque_lion\vendor\codeigniter4\framework\system\CodeIgniter.php(802): Modules\Dashboard\Controllers\Dashboard->__construct()
#4 C:\xamphp7.4\htdocs\endque_lion\vendor\codeigniter4\framework\system\CodeIgniter.php(403): CodeIgniter\CodeIgniter->createController()
#5 C:\xamphp7.4\htdocs\endque_lion\vendor\codeigniter4\framework\system\CodeIgniter.php(320): CodeIgniter\CodeIgniter->handleRequest(NULL, Object(Config\Cache), false)
#6 C:\xamphp7.4\htdocs\endque_lion\index.php(37): CodeIgniter\CodeIgniter->run()
#7 {main}
CRITICAL - 2022-02-01 23:17:13 --> Request URI segment is out of range: 1
#0 C:\xamphp7.4\htdocs\endque_lion\vendor\codeigniter4\framework\system\HTTP\URI.php(529): CodeIgniter\HTTP\Exceptions\HTTPException::forURISegmentOutOfRange(1)
#1 C:\xamphp7.4\htdocs\endque_lion\app\Controllers\MikaController.php(26): CodeIgniter\HTTP\URI->getSegment(1)
#2 C:\xamphp7.4\htdocs\endque_lion\vendor\codeigniter4\framework\system\CodeIgniter.php(802): App\Controllers\MikaController->__construct()
#3 C:\xamphp7.4\htdocs\endque_lion\vendor\codeigniter4\framework\system\CodeIgniter.php(403): CodeIgniter\CodeIgniter->createController()
#4 C:\xamphp7.4\htdocs\endque_lion\vendor\codeigniter4\framework\system\CodeIgniter.php(320): CodeIgniter\CodeIgniter->handleRequest(NULL, Object(Config\Cache), false)
#5 C:\xamphp7.4\htdocs\endque_lion\index.php(37): CodeIgniter\CodeIgniter->run()
#6 {main}
CRITICAL - 2022-02-01 23:17:19 --> Request URI segment is out of range: 1
#0 C:\xamphp7.4\htdocs\endque_lion\vendor\codeigniter4\framework\system\HTTP\URI.php(529): CodeIgniter\HTTP\Exceptions\HTTPException::forURISegmentOutOfRange(1)
#1 C:\xamphp7.4\htdocs\endque_lion\app\Controllers\MikaController.php(26): CodeIgniter\HTTP\URI->getSegment(1)
#2 C:\xamphp7.4\htdocs\endque_lion\vendor\codeigniter4\framework\system\CodeIgniter.php(802): App\Controllers\MikaController->__construct()
#3 C:\xamphp7.4\htdocs\endque_lion\vendor\codeigniter4\framework\system\CodeIgniter.php(403): CodeIgniter\CodeIgniter->createController()
#4 C:\xamphp7.4\htdocs\endque_lion\vendor\codeigniter4\framework\system\CodeIgniter.php(320): CodeIgniter\CodeIgniter->handleRequest(NULL, Object(Config\Cache), false)
#5 C:\xamphp7.4\htdocs\endque_lion\index.php(37): CodeIgniter\CodeIgniter->run()
#6 {main}
CRITICAL - 2022-02-01 23:17:20 --> Request URI segment is out of range: 1
#0 C:\xamphp7.4\htdocs\endque_lion\vendor\codeigniter4\framework\system\HTTP\URI.php(529): CodeIgniter\HTTP\Exceptions\HTTPException::forURISegmentOutOfRange(1)
#1 C:\xamphp7.4\htdocs\endque_lion\app\Controllers\MikaController.php(26): CodeIgniter\HTTP\URI->getSegment(1)
#2 C:\xamphp7.4\htdocs\endque_lion\vendor\codeigniter4\framework\system\CodeIgniter.php(802): App\Controllers\MikaController->__construct()
#3 C:\xamphp7.4\htdocs\endque_lion\vendor\codeigniter4\framework\system\CodeIgniter.php(403): CodeIgniter\CodeIgniter->createController()
#4 C:\xamphp7.4\htdocs\endque_lion\vendor\codeigniter4\framework\system\CodeIgniter.php(320): CodeIgniter\CodeIgniter->handleRequest(NULL, Object(Config\Cache), false)
#5 C:\xamphp7.4\htdocs\endque_lion\index.php(37): CodeIgniter\CodeIgniter->run()
#6 {main}
CRITICAL - 2022-02-01 23:17:36 --> Request URI segment is out of range: 1
#0 C:\xamphp7.4\htdocs\endque_lion\vendor\codeigniter4\framework\system\HTTP\URI.php(529): CodeIgniter\HTTP\Exceptions\HTTPException::forURISegmentOutOfRange(1)
#1 C:\xamphp7.4\htdocs\endque_lion\app\Controllers\MikaController.php(26): CodeIgniter\HTTP\URI->getSegment(1)
#2 C:\xamphp7.4\htdocs\endque_lion\vendor\codeigniter4\framework\system\CodeIgniter.php(802): App\Controllers\MikaController->__construct()
#3 C:\xamphp7.4\htdocs\endque_lion\vendor\codeigniter4\framework\system\CodeIgniter.php(403): CodeIgniter\CodeIgniter->createController()
#4 C:\xamphp7.4\htdocs\endque_lion\vendor\codeigniter4\framework\system\CodeIgniter.php(320): CodeIgniter\CodeIgniter->handleRequest(NULL, Object(Config\Cache), false)
#5 C:\xamphp7.4\htdocs\endque_lion\index.php(37): CodeIgniter\CodeIgniter->run()
#6 {main}
CRITICAL - 2022-02-01 23:18:27 --> Request URI segment is out of range: 1
#0 C:\xamphp7.4\htdocs\endque_lion\vendor\codeigniter4\framework\system\HTTP\URI.php(529): CodeIgniter\HTTP\Exceptions\HTTPException::forURISegmentOutOfRange(1)
#1 C:\xamphp7.4\htdocs\endque_lion\app\Controllers\MikaController.php(26): CodeIgniter\HTTP\URI->getSegment(1)
#2 C:\xamphp7.4\htdocs\endque_lion\vendor\codeigniter4\framework\system\CodeIgniter.php(802): App\Controllers\MikaController->__construct()
#3 C:\xamphp7.4\htdocs\endque_lion\vendor\codeigniter4\framework\system\CodeIgniter.php(403): CodeIgniter\CodeIgniter->createController()
#4 C:\xamphp7.4\htdocs\endque_lion\vendor\codeigniter4\framework\system\CodeIgniter.php(320): CodeIgniter\CodeIgniter->handleRequest(NULL, Object(Config\Cache), false)
#5 C:\xamphp7.4\htdocs\endque_lion\index.php(37): CodeIgniter\CodeIgniter->run()
#6 {main}
CRITICAL - 2022-02-01 23:19:15 --> Request URI segment is out of range: 1
#0 C:\xamphp7.4\htdocs\endque_lion\vendor\codeigniter4\framework\system\HTTP\URI.php(529): CodeIgniter\HTTP\Exceptions\HTTPException::forURISegmentOutOfRange(1)
#1 C:\xamphp7.4\htdocs\endque_lion\app\Controllers\MikaController.php(26): CodeIgniter\HTTP\URI->getSegment(1)
#2 C:\xamphp7.4\htdocs\endque_lion\vendor\codeigniter4\framework\system\CodeIgniter.php(802): App\Controllers\MikaController->__construct()
#3 C:\xamphp7.4\htdocs\endque_lion\vendor\codeigniter4\framework\system\CodeIgniter.php(403): CodeIgniter\CodeIgniter->createController()
#4 C:\xamphp7.4\htdocs\endque_lion\vendor\codeigniter4\framework\system\CodeIgniter.php(320): CodeIgniter\CodeIgniter->handleRequest(NULL, Object(Config\Cache), false)
#5 C:\xamphp7.4\htdocs\endque_lion\index.php(37): CodeIgniter\CodeIgniter->run()
#6 {main}
CRITICAL - 2022-02-01 23:19:30 --> Undefined variable: target
#0 C:\xamphp7.4\htdocs\endque_lion\app\Controllers\MikaController.php(45): CodeIgniter\Debug\Exceptions->errorHandler(8, 'Undefined varia...', 'C:\\xamphp7.4\\ht...', 45, Array)
#1 C:\xamphp7.4\htdocs\endque_lion\modules\Dashboard\Controllers\Dashboard.php(13): App\Controllers\MikaController->__construct()
#2 C:\xamphp7.4\htdocs\endque_lion\vendor\codeigniter4\framework\system\CodeIgniter.php(802): Modules\Dashboard\Controllers\Dashboard->__construct()
#3 C:\xamphp7.4\htdocs\endque_lion\vendor\codeigniter4\framework\system\CodeIgniter.php(403): CodeIgniter\CodeIgniter->createController()
#4 C:\xamphp7.4\htdocs\endque_lion\vendor\codeigniter4\framework\system\CodeIgniter.php(320): CodeIgniter\CodeIgniter->handleRequest(NULL, Object(Config\Cache), false)
#5 C:\xamphp7.4\htdocs\endque_lion\index.php(37): CodeIgniter\CodeIgniter->run()
#6 {main}
CRITICAL - 2022-02-01 23:19:52 --> Undefined variable: target
#0 C:\xamphp7.4\htdocs\endque_lion\app\Controllers\MikaController.php(45): CodeIgniter\Debug\Exceptions->errorHandler(8, 'Undefined varia...', 'C:\\xamphp7.4\\ht...', 45, Array)
#1 C:\xamphp7.4\htdocs\endque_lion\modules\Dashboard\Controllers\Dashboard.php(13): App\Controllers\MikaController->__construct()
#2 C:\xamphp7.4\htdocs\endque_lion\vendor\codeigniter4\framework\system\CodeIgniter.php(802): Modules\Dashboard\Controllers\Dashboard->__construct()
#3 C:\xamphp7.4\htdocs\endque_lion\vendor\codeigniter4\framework\system\CodeIgniter.php(403): CodeIgniter\CodeIgniter->createController()
#4 C:\xamphp7.4\htdocs\endque_lion\vendor\codeigniter4\framework\system\CodeIgniter.php(320): CodeIgniter\CodeIgniter->handleRequest(NULL, Object(Config\Cache), false)
#5 C:\xamphp7.4\htdocs\endque_lion\index.php(37): CodeIgniter\CodeIgniter->run()
#6 {main}
CRITICAL - 2022-02-01 23:21:01 --> Request URI segment is out of range: 1
#0 C:\xamphp7.4\htdocs\endque_lion\vendor\codeigniter4\framework\system\HTTP\URI.php(529): CodeIgniter\HTTP\Exceptions\HTTPException::forURISegmentOutOfRange(1)
#1 C:\xamphp7.4\htdocs\endque_lion\app\Controllers\MikaController.php(26): CodeIgniter\HTTP\URI->getSegment(1)
#2 C:\xamphp7.4\htdocs\endque_lion\vendor\codeigniter4\framework\system\CodeIgniter.php(802): App\Controllers\MikaController->__construct()
#3 C:\xamphp7.4\htdocs\endque_lion\vendor\codeigniter4\framework\system\CodeIgniter.php(403): CodeIgniter\CodeIgniter->createController()
#4 C:\xamphp7.4\htdocs\endque_lion\vendor\codeigniter4\framework\system\CodeIgniter.php(320): CodeIgniter\CodeIgniter->handleRequest(NULL, Object(Config\Cache), false)
#5 C:\xamphp7.4\htdocs\endque_lion\index.php(37): CodeIgniter\CodeIgniter->run()
#6 {main}
CRITICAL - 2022-02-01 23:22:19 --> Undefined variable: target
#0 C:\xamphp7.4\htdocs\endque_lion\app\Controllers\MikaController.php(45): CodeIgniter\Debug\Exceptions->errorHandler(8, 'Undefined varia...', 'C:\\xamphp7.4\\ht...', 45, Array)
#1 C:\xamphp7.4\htdocs\endque_lion\modules\Gudang\Controllers\Gudang.php(12): App\Controllers\MikaController->__construct()
#2 C:\xamphp7.4\htdocs\endque_lion\vendor\codeigniter4\framework\system\CodeIgniter.php(802): Modules\Gudang\Controllers\Gudang->__construct()
#3 C:\xamphp7.4\htdocs\endque_lion\vendor\codeigniter4\framework\system\CodeIgniter.php(403): CodeIgniter\CodeIgniter->createController()
#4 C:\xamphp7.4\htdocs\endque_lion\vendor\codeigniter4\framework\system\CodeIgniter.php(320): CodeIgniter\CodeIgniter->handleRequest(NULL, Object(Config\Cache), false)
#5 C:\xamphp7.4\htdocs\endque_lion\index.php(37): CodeIgniter\CodeIgniter->run()
#6 {main}
CRITICAL - 2022-02-01 23:24:28 --> Request URI segment is out of range: 1
#0 C:\xamphp7.4\htdocs\endque_lion\vendor\codeigniter4\framework\system\HTTP\URI.php(529): CodeIgniter\HTTP\Exceptions\HTTPException::forURISegmentOutOfRange(1)
#1 C:\xamphp7.4\htdocs\endque_lion\app\Controllers\MikaController.php(26): CodeIgniter\HTTP\URI->getSegment(1)
#2 C:\xamphp7.4\htdocs\endque_lion\vendor\codeigniter4\framework\system\CodeIgniter.php(802): App\Controllers\MikaController->__construct()
#3 C:\xamphp7.4\htdocs\endque_lion\vendor\codeigniter4\framework\system\CodeIgniter.php(403): CodeIgniter\CodeIgniter->createController()
#4 C:\xamphp7.4\htdocs\endque_lion\vendor\codeigniter4\framework\system\CodeIgniter.php(320): CodeIgniter\CodeIgniter->handleRequest(NULL, Object(Config\Cache), false)
#5 C:\xamphp7.4\htdocs\endque_lion\index.php(37): CodeIgniter\CodeIgniter->run()
#6 {main}
CRITICAL - 2022-02-01 23:24:52 --> Undefined variable: target
#0 C:\xamphp7.4\htdocs\endque_lion\app\Controllers\MikaController.php(45): CodeIgniter\Debug\Exceptions->errorHandler(8, 'Undefined varia...', 'C:\\xamphp7.4\\ht...', 45, Array)
#1 C:\xamphp7.4\htdocs\endque_lion\modules\Dashboard\Controllers\Dashboard.php(13): App\Controllers\MikaController->__construct()
#2 C:\xamphp7.4\htdocs\endque_lion\vendor\codeigniter4\framework\system\CodeIgniter.php(802): Modules\Dashboard\Controllers\Dashboard->__construct()
#3 C:\xamphp7.4\htdocs\endque_lion\vendor\codeigniter4\framework\system\CodeIgniter.php(403): CodeIgniter\CodeIgniter->createController()
#4 C:\xamphp7.4\htdocs\endque_lion\vendor\codeigniter4\framework\system\CodeIgniter.php(320): CodeIgniter\CodeIgniter->handleRequest(NULL, Object(Config\Cache), false)
#5 C:\xamphp7.4\htdocs\endque_lion\index.php(37): CodeIgniter\CodeIgniter->run()
#6 {main}
CRITICAL - 2022-02-01 23:25:01 --> Request URI segment is out of range: 1
#0 C:\xamphp7.4\htdocs\endque_lion\vendor\codeigniter4\framework\system\HTTP\URI.php(529): CodeIgniter\HTTP\Exceptions\HTTPException::forURISegmentOutOfRange(1)
#1 C:\xamphp7.4\htdocs\endque_lion\app\Controllers\MikaController.php(26): CodeIgniter\HTTP\URI->getSegment(1)
#2 C:\xamphp7.4\htdocs\endque_lion\vendor\codeigniter4\framework\system\CodeIgniter.php(802): App\Controllers\MikaController->__construct()
#3 C:\xamphp7.4\htdocs\endque_lion\vendor\codeigniter4\framework\system\CodeIgniter.php(403): CodeIgniter\CodeIgniter->createController()
#4 C:\xamphp7.4\htdocs\endque_lion\vendor\codeigniter4\framework\system\CodeIgniter.php(320): CodeIgniter\CodeIgniter->handleRequest(NULL, Object(Config\Cache), false)
#5 C:\xamphp7.4\htdocs\endque_lion\index.php(37): CodeIgniter\CodeIgniter->run()
#6 {main}
CRITICAL - 2022-02-01 23:26:27 --> Too few arguments to function CodeIgniter\HTTP\URI::getSegment(), 0 passed in C:\xamphp7.4\htdocs\endque_lion\app\Controllers\MikaController.php on line 18 and at least 1 expected
#0 C:\xamphp7.4\htdocs\endque_lion\app\Controllers\MikaController.php(18): CodeIgniter\HTTP\URI->getSegment()
#1 C:\xamphp7.4\htdocs\endque_lion\vendor\codeigniter4\framework\system\CodeIgniter.php(802): App\Controllers\MikaController->__construct()
#2 C:\xamphp7.4\htdocs\endque_lion\vendor\codeigniter4\framework\system\CodeIgniter.php(403): CodeIgniter\CodeIgniter->createController()
#3 C:\xamphp7.4\htdocs\endque_lion\vendor\codeigniter4\framework\system\CodeIgniter.php(320): CodeIgniter\CodeIgniter->handleRequest(NULL, Object(Config\Cache), false)
#4 C:\xamphp7.4\htdocs\endque_lion\index.php(37): CodeIgniter\CodeIgniter->run()
#5 {main}
CRITICAL - 2022-02-01 23:26:30 --> Too few arguments to function CodeIgniter\HTTP\URI::getSegment(), 0 passed in C:\xamphp7.4\htdocs\endque_lion\app\Controllers\MikaController.php on line 18 and at least 1 expected
#0 C:\xamphp7.4\htdocs\endque_lion\app\Controllers\MikaController.php(18): CodeIgniter\HTTP\URI->getSegment()
#1 C:\xamphp7.4\htdocs\endque_lion\modules\Dashboard\Controllers\Dashboard.php(13): App\Controllers\MikaController->__construct()
#2 C:\xamphp7.4\htdocs\endque_lion\vendor\codeigniter4\framework\system\CodeIgniter.php(802): Modules\Dashboard\Controllers\Dashboard->__construct()
#3 C:\xamphp7.4\htdocs\endque_lion\vendor\codeigniter4\framework\system\CodeIgniter.php(403): CodeIgniter\CodeIgniter->createController()
#4 C:\xamphp7.4\htdocs\endque_lion\vendor\codeigniter4\framework\system\CodeIgniter.php(320): CodeIgniter\CodeIgniter->handleRequest(NULL, Object(Config\Cache), false)
#5 C:\xamphp7.4\htdocs\endque_lion\index.php(37): CodeIgniter\CodeIgniter->run()
#6 {main}
CRITICAL - 2022-02-01 23:26:32 --> Too few arguments to function CodeIgniter\HTTP\URI::getSegment(), 0 passed in C:\xamphp7.4\htdocs\endque_lion\app\Controllers\MikaController.php on line 18 and at least 1 expected
#0 C:\xamphp7.4\htdocs\endque_lion\app\Controllers\MikaController.php(18): CodeIgniter\HTTP\URI->getSegment()
#1 C:\xamphp7.4\htdocs\endque_lion\modules\Dashboard\Controllers\Dashboard.php(13): App\Controllers\MikaController->__construct()
#2 C:\xamphp7.4\htdocs\endque_lion\vendor\codeigniter4\framework\system\CodeIgniter.php(802): Modules\Dashboard\Controllers\Dashboard->__construct()
#3 C:\xamphp7.4\htdocs\endque_lion\vendor\codeigniter4\framework\system\CodeIgniter.php(403): CodeIgniter\CodeIgniter->createController()
#4 C:\xamphp7.4\htdocs\endque_lion\vendor\codeigniter4\framework\system\CodeIgniter.php(320): CodeIgniter\CodeIgniter->handleRequest(NULL, Object(Config\Cache), false)
#5 C:\xamphp7.4\htdocs\endque_lion\index.php(37): CodeIgniter\CodeIgniter->run()
#6 {main}
CRITICAL - 2022-02-01 23:31:38 --> Undefined variable: target
#0 C:\xamphp7.4\htdocs\endque_lion\app\Controllers\MikaController.php(46): CodeIgniter\Debug\Exceptions->errorHandler(8, 'Undefined varia...', 'C:\\xamphp7.4\\ht...', 46, Array)
#1 C:\xamphp7.4\htdocs\endque_lion\modules\Dashboard\Controllers\Dashboard.php(13): App\Controllers\MikaController->__construct()
#2 C:\xamphp7.4\htdocs\endque_lion\vendor\codeigniter4\framework\system\CodeIgniter.php(802): Modules\Dashboard\Controllers\Dashboard->__construct()
#3 C:\xamphp7.4\htdocs\endque_lion\vendor\codeigniter4\framework\system\CodeIgniter.php(403): CodeIgniter\CodeIgniter->createController()
#4 C:\xamphp7.4\htdocs\endque_lion\vendor\codeigniter4\framework\system\CodeIgniter.php(320): CodeIgniter\CodeIgniter->handleRequest(NULL, Object(Config\Cache), false)
#5 C:\xamphp7.4\htdocs\endque_lion\index.php(37): CodeIgniter\CodeIgniter->run()
#6 {main}
CRITICAL - 2022-02-01 23:31:51 --> Request URI segment is out of range: 1
#0 C:\xamphp7.4\htdocs\endque_lion\vendor\codeigniter4\framework\system\HTTP\URI.php(529): CodeIgniter\HTTP\Exceptions\HTTPException::forURISegmentOutOfRange(1)
#1 C:\xamphp7.4\htdocs\endque_lion\app\Controllers\MikaController.php(25): CodeIgniter\HTTP\URI->getSegment(1)
#2 C:\xamphp7.4\htdocs\endque_lion\vendor\codeigniter4\framework\system\CodeIgniter.php(802): App\Controllers\MikaController->__construct()
#3 C:\xamphp7.4\htdocs\endque_lion\vendor\codeigniter4\framework\system\CodeIgniter.php(403): CodeIgniter\CodeIgniter->createController()
#4 C:\xamphp7.4\htdocs\endque_lion\vendor\codeigniter4\framework\system\CodeIgniter.php(320): CodeIgniter\CodeIgniter->handleRequest(NULL, Object(Config\Cache), false)
#5 C:\xamphp7.4\htdocs\endque_lion\index.php(37): CodeIgniter\CodeIgniter->run()
#6 {main}
CRITICAL - 2022-02-01 23:32:16 --> Request URI segment is out of range: 1
#0 C:\xamphp7.4\htdocs\endque_lion\vendor\codeigniter4\framework\system\HTTP\URI.php(529): CodeIgniter\HTTP\Exceptions\HTTPException::forURISegmentOutOfRange(1)
#1 C:\xamphp7.4\htdocs\endque_lion\app\Controllers\MikaController.php(25): CodeIgniter\HTTP\URI->getSegment(1)
#2 C:\xamphp7.4\htdocs\endque_lion\vendor\codeigniter4\framework\system\CodeIgniter.php(802): App\Controllers\MikaController->__construct()
#3 C:\xamphp7.4\htdocs\endque_lion\vendor\codeigniter4\framework\system\CodeIgniter.php(403): CodeIgniter\CodeIgniter->createController()
#4 C:\xamphp7.4\htdocs\endque_lion\vendor\codeigniter4\framework\system\CodeIgniter.php(320): CodeIgniter\CodeIgniter->handleRequest(NULL, Object(Config\Cache), false)
#5 C:\xamphp7.4\htdocs\endque_lion\index.php(37): CodeIgniter\CodeIgniter->run()
#6 {main}
CRITICAL - 2022-02-01 23:32:42 --> Undefined variable: target
#0 C:\xamphp7.4\htdocs\endque_lion\app\Controllers\MikaController.php(44): CodeIgniter\Debug\Exceptions->errorHandler(8, 'Undefined varia...', 'C:\\xamphp7.4\\ht...', 44, Array)
#1 C:\xamphp7.4\htdocs\endque_lion\modules\Dashboard\Controllers\Dashboard.php(13): App\Controllers\MikaController->__construct()
#2 C:\xamphp7.4\htdocs\endque_lion\vendor\codeigniter4\framework\system\CodeIgniter.php(802): Modules\Dashboard\Controllers\Dashboard->__construct()
#3 C:\xamphp7.4\htdocs\endque_lion\vendor\codeigniter4\framework\system\CodeIgniter.php(403): CodeIgniter\CodeIgniter->createController()
#4 C:\xamphp7.4\htdocs\endque_lion\vendor\codeigniter4\framework\system\CodeIgniter.php(320): CodeIgniter\CodeIgniter->handleRequest(NULL, Object(Config\Cache), false)
#5 C:\xamphp7.4\htdocs\endque_lion\index.php(37): CodeIgniter\CodeIgniter->run()
#6 {main}
